Using pre-set license
Built from '2020.2/staging' branch; Version is '2020.2.7f1 (c53830e277f1) revision 12924976'; Using compiler version '192528614'; Build Type 'Release'
OS: 'Windows 10 Home; OS build 19041.867; Version 2004; 64bit' Language: 'en' Physical Memory: 16328 MB
BatchMode: 1, IsHumanControllingUs: 0, StartBugReporterOnCrash: 0, Is64bit: 1, IsPro: 0

 COMMAND LINE ARGUMENTS:
D:\2020.2.7f1\Editor\Unity.exe
-adb2
-batchMode
-noUpm
-name
AssetImportWorker1
-projectPath
D:/GitHub/hex-trigger/hex-trigger
-logFile
Logs/AssetImportWorker1.log
-srvPort
60379
Successfully changed project path to: D:/GitHub/hex-trigger/hex-trigger
D:/GitHub/hex-trigger/hex-trigger
Using Asset Import Pipeline V2.
Refreshing native plugins compatible for Editor in 44.76 ms, found 0 plugins.
Preloading 0 native plugins for Editor in 0.00 ms.
Initialize engine version: 2020.2.7f1 (c53830e277f1)
[Subsystems] Discovering subsystems at path D:/2020.2.7f1/Editor/Data/Resources/UnitySubsystems
[Subsystems] Discovering subsystems at path D:/GitHub/hex-trigger/hex-trigger/Assets
GfxDevice: creating device client; threaded=0
Direct3D:
    Version:  Direct3D 11.0 [level 11.1]
    Renderer: NVIDIA GeForce GTX 1080 (ID=0x1b80)
    Vendor:   
    VRAM:     8079 MB
    Driver:   27.21.14.6589
Initialize mono
Mono path[0] = 'D:/2020.2.7f1/Editor/Data/Managed'
Mono path[1] = 'D:/2020.2.7f1/Editor/Data/MonoBleedingEdge/lib/mono/unityjit'
Mono config path = 'D:/2020.2.7f1/Editor/Data/MonoBleedingEdge/etc'
Using monoOptions --debugger-agent=transport=dt_socket,embedding=1,server=y,suspend=n,address=127.0.0.1:56196
Begin MonoManager ReloadAssembly
Registering precompiled unity dll's ...
Register platform support module: D:/2020.2.7f1/Editor/Data/PlaybackEngines/WindowsStandaloneSupport/UnityEditor.WindowsStandalone.Extensions.dll
Registered in 0.002048 seconds.
Native extension for WindowsStandalone target not found
Refreshing native plugins compatible for Editor in 51.81 ms, found 0 plugins.
Preloading 0 native plugins for Editor in 0.00 ms.
Invoked RoslynAnalysisRunner static constructor.
RoslynAnalysisRunner will not be running.
RoslynAnalysisRunner has terminated.
Mono: successfully reloaded assembly
- Completed reload, in  1.297 seconds
Platform modules already initialized, skipping
Registering precompiled user dll's ...
Registered in 0.001133 seconds.
Begin MonoManager ReloadAssembly
Native extension for WindowsStandalone target not found
Refreshing native plugins compatible for Editor in 51.07 ms, found 0 plugins.
Preloading 0 native plugins for Editor in 0.00 ms.
Invoked RoslynAnalysisRunner static constructor.
RoslynAnalysisRunner will not be running.
RoslynAnalysisRunner has terminated.
Mono: successfully reloaded assembly
- Completed reload, in  1.443 seconds
Platform modules already initialized, skipping
========================================================================
Worker process is ready to serve import requests
Shader 'Universal Render Pipeline/Particles/Lit': fallback shader 'Universal Render Pipeline/Particles/SimpleLit' not found
Shader 'Universal Render Pipeline/Particles/Lit': fallback shader 'Universal Render Pipeline/Particles/SimpleLit' not found
Launched and connected shader compiler UnityShaderCompiler.exe after 0.15 seconds
Refreshing native plugins compatible for Editor in 0.46 ms, found 0 plugins.
Preloading 0 native plugins for Editor in 0.00 ms.
Unloading 2437 Unused Serialized files (Serialized files now loaded: 0)
System memory in use before: 113.1 MB.
System memory in use after: 110.9 MB.

Unloading 46 unused Assets to reduce memory usage. Loaded Objects now: 2843.
Total: 4.845500 ms (FindLiveObjects: 0.650100 ms CreateObjectMapping: 0.254400 ms MarkObjects: 2.074400 ms  DeleteObjects: 1.865400 ms)

========================================================================
Received Import Request.
  path: Assets/Scripts/Ghost_Hex.cs
  artifactKey: Guid(cf4da4c0dacf18e488b0d0a9896737c3) Importer(815301076,1909f56bfc062723c751e8b465ee728b)
Start importing Assets/Scripts/Ghost_Hex.cs using Guid(cf4da4c0dacf18e488b0d0a9896737c3) Importer(815301076,1909f56bfc062723c751e8b465ee728b)  -> (artifact id: '39b98374fb2e4e300fb809d2dc0a92c8') in 0.120703 seconds
  Import took 0.124910 seconds .

========================================================================
Received Prepare
Registering precompiled user dll's ...
Registered in 0.001097 seconds.
Begin MonoManager ReloadAssembly
Native extension for WindowsStandalone target not found
Refreshing native plugins compatible for Editor in 0.42 ms, found 0 plugins.
Preloading 0 native plugins for Editor in 0.00 ms.
Invoked RoslynAnalysisRunner static constructor.
RoslynAnalysisRunner will not be running.
RoslynAnalysisRunner has terminated.
Mono: successfully reloaded assembly
- Completed reload, in  1.087 seconds
Platform modules already initialized, skipping
Shader 'Universal Render Pipeline/Particles/Lit': fallback shader 'Universal Render Pipeline/Particles/SimpleLit' not found
Shader 'Universal Render Pipeline/Particles/Lit': fallback shader 'Universal Render Pipeline/Particles/SimpleLit' not found
Refreshing native plugins compatible for Editor in 0.42 ms, found 0 plugins.
Preloading 0 native plugins for Editor in 0.00 ms.
Unloading 2351 Unused Serialized files (Serialized files now loaded: 0)
System memory in use before: 109.2 MB.
System memory in use after: 107.0 MB.

Unloading 41 unused Assets to reduce memory usage. Loaded Objects now: 2846.
Total: 3.908100 ms (FindLiveObjects: 0.294200 ms CreateObjectMapping: 0.225400 ms MarkObjects: 1.929800 ms  DeleteObjects: 1.457800 ms)

========================================================================
Received Prepare
Registering precompiled user dll's ...
Registered in 0.001051 seconds.
Begin MonoManager ReloadAssembly
Native extension for WindowsStandalone target not found
Refreshing native plugins compatible for Editor in 0.41 ms, found 0 plugins.
Preloading 0 native plugins for Editor in 0.00 ms.
Invoked RoslynAnalysisRunner static constructor.
RoslynAnalysisRunner will not be running.
RoslynAnalysisRunner has terminated.
Mono: successfully reloaded assembly
- Completed reload, in  1.058 seconds
Platform modules already initialized, skipping
Shader 'Universal Render Pipeline/Particles/Lit': fallback shader 'Universal Render Pipeline/Particles/SimpleLit' not found
Shader 'Universal Render Pipeline/Particles/Lit': fallback shader 'Universal Render Pipeline/Particles/SimpleLit' not found
Refreshing native plugins compatible for Editor in 0.48 ms, found 0 plugins.
Preloading 0 native plugins for Editor in 0.00 ms.
Unloading 2351 Unused Serialized files (Serialized files now loaded: 0)
System memory in use before: 109.2 MB.
System memory in use after: 107.0 MB.

Unloading 41 unused Assets to reduce memory usage. Loaded Objects now: 2849.
Total: 5.187100 ms (FindLiveObjects: 0.710100 ms CreateObjectMapping: 0.379300 ms MarkObjects: 2.150600 ms  DeleteObjects: 1.945500 ms)

========================================================================
Received Import Request.
  Time since last request: 562.411721 seconds.
  path: Assets/Resources/Prefabs/Ghost Hex.prefab
  artifactKey: Guid(32168c437cd0a3a41824c36af463d2e0) Importer(815301076,1909f56bfc062723c751e8b465ee728b)
Start importing Assets/Resources/Prefabs/Ghost Hex.prefab using Guid(32168c437cd0a3a41824c36af463d2e0) Importer(815301076,1909f56bfc062723c751e8b465ee728b)  -> (artifact id: '9613f9b19affe8b438dd041afdc0f09b') in 0.478855 seconds
  Import took 0.486266 seconds .

========================================================================
Received Import Request.
  Time since last request: 16.054886 seconds.
  path: Assets/Materials/Hex-Ghost.mat
  artifactKey: Guid(3539bdd61429ca641b1d7945ced37588) Importer(815301076,1909f56bfc062723c751e8b465ee728b)
Start importing Assets/Materials/Hex-Ghost.mat using Guid(3539bdd61429ca641b1d7945ced37588) Importer(815301076,1909f56bfc062723c751e8b465ee728b)  -> (artifact id: 'eb51778aa1589421e0015ac8a98442aa') in 0.055793 seconds
  Import took 0.061872 seconds .

========================================================================
Received Import Request.
  Time since last request: 0.005445 seconds.
  path: Assets/Materials/Hex-Ghost.mat
  artifactKey: Guid(3539bdd61429ca641b1d7945ced37588) Importer(815301076,1909f56bfc062723c751e8b465ee728b)
Start importing Assets/Materials/Hex-Ghost.mat using Guid(3539bdd61429ca641b1d7945ced37588) Importer(815301076,1909f56bfc062723c751e8b465ee728b)  -> (artifact id: 'eb51778aa1589421e0015ac8a98442aa') in 0.050891 seconds
  Import took 0.057068 seconds .

========================================================================
Received Prepare
Registering precompiled user dll's ...
Registered in 0.001173 seconds.
Begin MonoManager ReloadAssembly
Native extension for WindowsStandalone target not found
Refreshing native plugins compatible for Editor in 0.45 ms, found 0 plugins.
Preloading 0 native plugins for Editor in 0.00 ms.
Invoked RoslynAnalysisRunner static constructor.
RoslynAnalysisRunner will not be running.
RoslynAnalysisRunner has terminated.
Mono: successfully reloaded assembly
- Completed reload, in  1.202 seconds
Platform modules already initialized, skipping
Shader 'Universal Render Pipeline/Particles/Lit': fallback shader 'Universal Render Pipeline/Particles/SimpleLit' not found
Shader 'Universal Render Pipeline/Particles/Lit': fallback shader 'Universal Render Pipeline/Particles/SimpleLit' not found
Refreshing native plugins compatible for Editor in 0.73 ms, found 0 plugins.
Preloading 0 native plugins for Editor in 0.00 ms.
Unloading 2351 Unused Serialized files (Serialized files now loaded: 0)
System memory in use before: 114.7 MB.
System memory in use after: 112.4 MB.

Unloading 41 unused Assets to reduce memory usage. Loaded Objects now: 2930.
Total: 4.526500 ms (FindLiveObjects: 0.487200 ms CreateObjectMapping: 0.296100 ms MarkObjects: 2.256500 ms  DeleteObjects: 1.485600 ms)

========================================================================
Received Import Request.
  Time since last request: 669.769385 seconds.
  path: Assets/Shaders
  artifactKey: Guid(115d8f7053c491543bbd57f4938131c4) Importer(815301076,1909f56bfc062723c751e8b465ee728b)
Start importing Assets/Shaders using Guid(115d8f7053c491543bbd57f4938131c4) Importer(815301076,1909f56bfc062723c751e8b465ee728b)  -> (artifact id: '5ff0f696dc271847febf0e0584468e26') in 0.012921 seconds
  Import took 0.018589 seconds .

========================================================================
Received Import Request.
  Time since last request: 10.839470 seconds.
  path: Assets/Shaders/NewBehaviourScript.cs
  artifactKey: Guid(b590020fa252e9249b642196379c1cce) Importer(815301076,1909f56bfc062723c751e8b465ee728b)
Start importing Assets/Shaders/NewBehaviourScript.cs using Guid(b590020fa252e9249b642196379c1cce) Importer(815301076,1909f56bfc062723c751e8b465ee728b)  -> (artifact id: '4bd8c42fbd2d74f7c5408ec5074f3302') in 0.008582 seconds
  Import took 0.014431 seconds .

========================================================================
Received Prepare
Registering precompiled user dll's ...
Registered in 0.001057 seconds.
Begin MonoManager ReloadAssembly
Native extension for WindowsStandalone target not found
Refreshing native plugins compatible for Editor in 0.65 ms, found 0 plugins.
Preloading 0 native plugins for Editor in 0.00 ms.
Invoked RoslynAnalysisRunner static constructor.
RoslynAnalysisRunner will not be running.
RoslynAnalysisRunner has terminated.
Mono: successfully reloaded assembly
- Completed reload, in  1.094 seconds
Platform modules already initialized, skipping
Shader 'Universal Render Pipeline/Particles/Lit': fallback shader 'Universal Render Pipeline/Particles/SimpleLit' not found
Shader 'Universal Render Pipeline/Particles/Lit': fallback shader 'Universal Render Pipeline/Particles/SimpleLit' not found
Refreshing native plugins compatible for Editor in 0.43 ms, found 0 plugins.
Preloading 0 native plugins for Editor in 0.00 ms.
Unloading 2351 Unused Serialized files (Serialized files now loaded: 0)
System memory in use before: 114.7 MB.
System memory in use after: 112.4 MB.

Unloading 41 unused Assets to reduce memory usage. Loaded Objects now: 2933.
Total: 5.364300 ms (FindLiveObjects: 0.601000 ms CreateObjectMapping: 0.306400 ms MarkObjects: 2.166600 ms  DeleteObjects: 2.289000 ms)

========================================================================
Received Import Request.
  Time since last request: 93.930765 seconds.
  path: Assets/Shaders/Ghost_Hex_Shader.shadergraph
  artifactKey: Guid(d8bfc902c9e614d42bc5035c470162ff) Importer(815301076,1909f56bfc062723c751e8b465ee728b)
Start importing Assets/Shaders/Ghost_Hex_Shader.shadergraph using Guid(d8bfc902c9e614d42bc5035c470162ff) Importer(815301076,1909f56bfc062723c751e8b465ee728b)  -> (artifact id: '8f71177b7057540cb03ee2352522b6e1') in 0.019978 seconds
  Import took 0.024726 seconds .

========================================================================
Received Import Request.
  Time since last request: 2.946803 seconds.
  path: Assets/Shaders/Ghost_Hex_Shader.shadergraph
  artifactKey: Guid(d8bfc902c9e614d42bc5035c470162ff) Importer(815301076,1909f56bfc062723c751e8b465ee728b)
Start importing Assets/Shaders/Ghost_Hex_Shader.shadergraph using Guid(d8bfc902c9e614d42bc5035c470162ff) Importer(815301076,1909f56bfc062723c751e8b465ee728b)  -> (artifact id: '8f71177b7057540cb03ee2352522b6e1') in 0.004165 seconds
  Import took 0.009798 seconds .

========================================================================
Received Import Request.
  Time since last request: 64.238393 seconds.
  path: Assets/Shaders/Ghost_Hex_Shader.shadergraph
  artifactKey: Guid(d8bfc902c9e614d42bc5035c470162ff) Importer(815301076,1909f56bfc062723c751e8b465ee728b)
Start importing Assets/Shaders/Ghost_Hex_Shader.shadergraph using Guid(d8bfc902c9e614d42bc5035c470162ff) Importer(815301076,1909f56bfc062723c751e8b465ee728b)  -> (artifact id: '5fed3cf90ad75caca9b8d9c95dfb4d40') in 0.004348 seconds
  Import took 0.009619 seconds .

========================================================================
Received Import Request.
  Time since last request: 7.341901 seconds.
  path: Assets/Shaders/NewSurfaceShader.shader
  artifactKey: Guid(1b12a0c2541384f4795cb0f5181c4758) Importer(815301076,1909f56bfc062723c751e8b465ee728b)
Start importing Assets/Shaders/NewSurfaceShader.shader using Guid(1b12a0c2541384f4795cb0f5181c4758) Importer(815301076,1909f56bfc062723c751e8b465ee728b)  -> (artifact id: 'a55b0dca835bf79a6564739c37a03e55') in 0.014072 seconds
  Import took 0.019079 seconds .

========================================================================
Received Import Request.
  Time since last request: 0.002787 seconds.
  path: Assets/Shaders/NewSurfaceShader.shader
  artifactKey: Guid(1b12a0c2541384f4795cb0f5181c4758) Importer(815301076,1909f56bfc062723c751e8b465ee728b)
Start importing Assets/Shaders/NewSurfaceShader.shader using Guid(1b12a0c2541384f4795cb0f5181c4758) Importer(815301076,1909f56bfc062723c751e8b465ee728b)  -> (artifact id: 'a55b0dca835bf79a6564739c37a03e55') in 0.004536 seconds
  Import took 0.009980 seconds .

========================================================================
Received Import Request.
  Time since last request: 95.858789 seconds.
  path: Assets/Shaders/New Shader Graph.shadergraph
  artifactKey: Guid(19a2a004cd6f99c41a7170edb6c9b6cb) Importer(815301076,1909f56bfc062723c751e8b465ee728b)
Start importing Assets/Shaders/New Shader Graph.shadergraph using Guid(19a2a004cd6f99c41a7170edb6c9b6cb) Importer(815301076,1909f56bfc062723c751e8b465ee728b)  -> (artifact id: '5efa676c3ae6c52fa669f534da72312b') in 0.009744 seconds
  Import took 0.016858 seconds .

========================================================================
Received Import Request.
  Time since last request: 0.501328 seconds.
  path: Assets/Shaders/New Shader Graph.shadergraph
  artifactKey: Guid(19a2a004cd6f99c41a7170edb6c9b6cb) Importer(815301076,1909f56bfc062723c751e8b465ee728b)
Start importing Assets/Shaders/New Shader Graph.shadergraph using Guid(19a2a004cd6f99c41a7170edb6c9b6cb) Importer(815301076,1909f56bfc062723c751e8b465ee728b)  -> (artifact id: '5efa676c3ae6c52fa669f534da72312b') in 0.003890 seconds
  Import took 0.009031 seconds .

========================================================================
Received Import Request.
  Time since last request: 41.691018 seconds.
  path: Assets/Shaders/New Shader Graph.shadergraph
  artifactKey: Guid(19a2a004cd6f99c41a7170edb6c9b6cb) Importer(815301076,1909f56bfc062723c751e8b465ee728b)
Start importing Assets/Shaders/New Shader Graph.shadergraph using Guid(19a2a004cd6f99c41a7170edb6c9b6cb) Importer(815301076,1909f56bfc062723c751e8b465ee728b)  -> (artifact id: 'f29445383e022b9883004152c8c93c52') in 0.003224 seconds
  Import took 0.009027 seconds .

========================================================================
Received Import Request.
  Time since last request: 53.508384 seconds.
  path: Assets/Shaders/Ghost_Hex_Shader.shadergraph
  artifactKey: Guid(d8bfc902c9e614d42bc5035c470162ff) Importer(815301076,1909f56bfc062723c751e8b465ee728b)
Start importing Assets/Shaders/Ghost_Hex_Shader.shadergraph using Guid(d8bfc902c9e614d42bc5035c470162ff) Importer(815301076,1909f56bfc062723c751e8b465ee728b)  -> (artifact id: '48659397d0a096a2a1f779c78c4b473c') in 0.005686 seconds
  Import took 0.012200 seconds .

========================================================================
Received Import Request.
  Time since last request: 1068.984343 seconds.
  path: Assets/hexTile256px.png
  artifactKey: Guid(538729af9e46ac2489ba7092b6b10beb) Importer(815301076,1909f56bfc062723c751e8b465ee728b)
Start importing Assets/hexTile256px.png using Guid(538729af9e46ac2489ba7092b6b10beb) Importer(815301076,1909f56bfc062723c751e8b465ee728b)  -> (artifact id: '7c2b0b479a6b31f8351686849e89909e') in 0.107892 seconds
  Import took 0.114341 seconds .

========================================================================
Received Import Request.
  Time since last request: 5.482407 seconds.
  path: Assets/Sprites
  artifactKey: Guid(107149f6cc80aff45a936990affa34fe) Importer(815301076,1909f56bfc062723c751e8b465ee728b)
Start importing Assets/Sprites using Guid(107149f6cc80aff45a936990affa34fe) Importer(815301076,1909f56bfc062723c751e8b465ee728b)  -> (artifact id: '361c4d74cd168d2420c2720d1b829f35') in 0.010335 seconds
  Import took 0.015453 seconds .

========================================================================
Received Import Request.
  Time since last request: 67.954179 seconds.
  path: Assets/TextMesh Pro/Sprites/EmojiOne.png
  artifactKey: Guid(dffef66376be4fa480fb02b19edbe903) Importer(815301076,1909f56bfc062723c751e8b465ee728b)
Start importing Assets/TextMesh Pro/Sprites/EmojiOne.png using Guid(dffef66376be4fa480fb02b19edbe903) Importer(815301076,1909f56bfc062723c751e8b465ee728b)  -> (artifact id: '6c2d5b1f36ac5d129a1e4d5c9c3dff03') in 0.022767 seconds
  Import took 0.029069 seconds .

========================================================================
Received Import Request.
  Time since last request: 650.223102 seconds.
  path: Assets/Sprites/Ramp64x256px.png
  artifactKey: Guid(e9661b67c5f9a334cbb458e9fae75a1e) Importer(815301076,1909f56bfc062723c751e8b465ee728b)
Start importing Assets/Sprites/Ramp64x256px.png using Guid(e9661b67c5f9a334cbb458e9fae75a1e) Importer(815301076,1909f56bfc062723c751e8b465ee728b)  -> (artifact id: '7cb802a4f22b1858577300ab1a052b92') in 0.030236 seconds
  Import took 0.038596 seconds .

========================================================================
Received Import Request.
  Time since last request: 0.006055 seconds.
  path: Assets/Sprites/RampAlt64x256px.png
  artifactKey: Guid(cfb896d047d119747877cbe1696d363d) Importer(815301076,1909f56bfc062723c751e8b465ee728b)
Start importing Assets/Sprites/RampAlt64x256px.png using Guid(cfb896d047d119747877cbe1696d363d) Importer(815301076,1909f56bfc062723c751e8b465ee728b)  -> (artifact id: '45efe3b48c9cd7587b565165ed67a8f5') in 0.045040 seconds
  Import took 0.052166 seconds .

========================================================================
Received Import Request.
  Time since last request: 0.000237 seconds.
  path: Assets/Sprites/Ramp64x256px.png
  artifactKey: Guid(e9661b67c5f9a334cbb458e9fae75a1e) Importer(815301076,1909f56bfc062723c751e8b465ee728b)
Start importing Assets/Sprites/Ramp64x256px.png using Guid(e9661b67c5f9a334cbb458e9fae75a1e) Importer(815301076,1909f56bfc062723c751e8b465ee728b)  -> (artifact id: '7cb802a4f22b1858577300ab1a052b92') in 0.023555 seconds
  Import took 0.028664 seconds .

========================================================================
Received Import Request.
  Time since last request: 1001.093770 seconds.
  path: Assets/Resources/Prefabs/Ghost Hex.prefab
  artifactKey: Guid(32168c437cd0a3a41824c36af463d2e0) Importer(815301076,1909f56bfc062723c751e8b465ee728b)
Start importing Assets/Resources/Prefabs/Ghost Hex.prefab using Guid(32168c437cd0a3a41824c36af463d2e0) Importer(815301076,1909f56bfc062723c751e8b465ee728b)  -> (artifact id: 'ebd58ad2b40ea36fe70b7a88b97fa506') in 0.184754 seconds
  Import took 0.190565 seconds .

========================================================================
Received Import Request.
  Time since last request: 12.766136 seconds.
  path: Assets/Materials/Hex-Ghost.mat
  artifactKey: Guid(3539bdd61429ca641b1d7945ced37588) Importer(815301076,1909f56bfc062723c751e8b465ee728b)
Start importing Assets/Materials/Hex-Ghost.mat using Guid(3539bdd61429ca641b1d7945ced37588) Importer(815301076,1909f56bfc062723c751e8b465ee728b)  -> (artifact id: 'c33d426f5a79292eec95c49ccd0c4afb') in 0.045488 seconds
  Import took 0.050540 seconds .

========================================================================
Received Import Request.
  Time since last request: 0.000249 seconds.
  path: Assets/Materials/New Material.mat
  artifactKey: Guid(ed9f1efd7512be34983e26edf2cbe7be) Importer(815301076,1909f56bfc062723c751e8b465ee728b)
Start importing Assets/Materials/New Material.mat using Guid(ed9f1efd7512be34983e26edf2cbe7be) Importer(815301076,1909f56bfc062723c751e8b465ee728b)  -> (artifact id: '70755fadeb84aff0b1792a54f93f4aea') in 0.020662 seconds
  Import took 0.026864 seconds .

========================================================================
Received Prepare
Registering precompiled user dll's ...
Registered in 0.001544 seconds.
Begin MonoManager ReloadAssembly
Native extension for WindowsStandalone target not found
Refreshing native plugins compatible for Editor in 0.46 ms, found 0 plugins.
Preloading 0 native plugins for Editor in 0.00 ms.
Invoked RoslynAnalysisRunner static constructor.
RoslynAnalysisRunner will not be running.
RoslynAnalysisRunner has terminated.
Mono: successfully reloaded assembly
- Completed reload, in  1.051 seconds
Platform modules already initialized, skipping
Shader 'Universal Render Pipeline/Particles/Lit': fallback shader 'Universal Render Pipeline/Particles/SimpleLit' not found
Shader 'Universal Render Pipeline/Particles/Lit': fallback shader 'Universal Render Pipeline/Particles/SimpleLit' not found
Refreshing native plugins compatible for Editor in 0.42 ms, found 0 plugins.
Preloading 0 native plugins for Editor in 0.00 ms.
Unloading 2351 Unused Serialized files (Serialized files now loaded: 0)
System memory in use before: 115.0 MB.
System memory in use after: 112.9 MB.

Unloading 41 unused Assets to reduce memory usage. Loaded Objects now: 2977.
Total: 5.033400 ms (FindLiveObjects: 0.256600 ms CreateObjectMapping: 0.098900 ms MarkObjects: 2.995900 ms  DeleteObjects: 1.680600 ms)

========================================================================
Received Import Request.
  Time since last request: 370.622562 seconds.
  path: Assets/Resources/Prefabs/Ghost Hex.prefab
  artifactKey: Guid(32168c437cd0a3a41824c36af463d2e0) Importer(815301076,1909f56bfc062723c751e8b465ee728b)
Start importing Assets/Resources/Prefabs/Ghost Hex.prefab using Guid(32168c437cd0a3a41824c36af463d2e0) Importer(815301076,1909f56bfc062723c751e8b465ee728b)  -> (artifact id: '04c9d8e16bbe8466fa05d24fc80877bb') in 0.208969 seconds
  Import took 0.214713 seconds .

========================================================================
Received Import Request.
  Time since last request: 7.269342 seconds.
  path: Assets/Resources/Prefabs/Ghost Hex.prefab
  artifactKey: Guid(32168c437cd0a3a41824c36af463d2e0) Importer(815301076,1909f56bfc062723c751e8b465ee728b)
Start importing Assets/Resources/Prefabs/Ghost Hex.prefab using Guid(32168c437cd0a3a41824c36af463d2e0) Importer(815301076,1909f56bfc062723c751e8b465ee728b)  -> (artifact id: '6127cbb7e2e45eb552c790cd4a265158') in 0.014628 seconds
  Import took 0.026425 seconds .

========================================================================
Received Import Request.
  Time since last request: 43.992130 seconds.
  path: Assets/Shaders/Ghost_Hex_Shader.shadergraph
  artifactKey: Guid(d8bfc902c9e614d42bc5035c470162ff) Importer(815301076,1909f56bfc062723c751e8b465ee728b)
Start importing Assets/Shaders/Ghost_Hex_Shader.shadergraph using Guid(d8bfc902c9e614d42bc5035c470162ff) Importer(815301076,1909f56bfc062723c751e8b465ee728b)  -> (artifact id: '0cabae840ce8cd3274eafbbef07dddf2') in 0.005470 seconds
  Import took 0.011570 seconds .

========================================================================
Received Import Request.
  Time since last request: 0.001861 seconds.
  path: Assets/Shaders/Ghost_Hex_Shader.shadergraph
  artifactKey: Guid(d8bfc902c9e614d42bc5035c470162ff) Importer(815301076,1909f56bfc062723c751e8b465ee728b)
Start importing Assets/Shaders/Ghost_Hex_Shader.shadergraph using Guid(d8bfc902c9e614d42bc5035c470162ff) Importer(815301076,1909f56bfc062723c751e8b465ee728b)  -> (artifact id: '0cabae840ce8cd3274eafbbef07dddf2') in 0.006025 seconds
  Import took 0.012345 seconds .

========================================================================
Received Prepare
Registering precompiled user dll's ...
Registered in 0.001965 seconds.
Begin MonoManager ReloadAssembly
Native extension for WindowsStandalone target not found
Refreshing native plugins compatible for Editor in 0.67 ms, found 0 plugins.
Preloading 0 native plugins for Editor in 0.00 ms.
Invoked RoslynAnalysisRunner static constructor.
RoslynAnalysisRunner will not be running.
RoslynAnalysisRunner has terminated.
Mono: successfully reloaded assembly
- Completed reload, in  1.204 seconds
Platform modules already initialized, skipping
Shader 'Universal Render Pipeline/Particles/Lit': fallback shader 'Universal Render Pipeline/Particles/SimpleLit' not found
Shader 'Universal Render Pipeline/Particles/Lit': fallback shader 'Universal Render Pipeline/Particles/SimpleLit' not found
Refreshing native plugins compatible for Editor in 0.40 ms, found 0 plugins.
Preloading 0 native plugins for Editor in 0.00 ms.
Unloading 2351 Unused Serialized files (Serialized files now loaded: 0)
System memory in use before: 115.3 MB.
System memory in use after: 113.1 MB.

Unloading 41 unused Assets to reduce memory usage. Loaded Objects now: 3016.
Total: 4.814000 ms (FindLiveObjects: 0.520500 ms CreateObjectMapping: 0.176600 ms MarkObjects: 2.391400 ms  DeleteObjects: 1.724700 ms)

========================================================================
Received Import Request.
  Time since last request: 21.974399 seconds.
  path: Assets/Shaders/Ghost_Hex_Shader.shadergraph
  artifactKey: Guid(d8bfc902c9e614d42bc5035c470162ff) Importer(815301076,1909f56bfc062723c751e8b465ee728b)
Start importing Assets/Shaders/Ghost_Hex_Shader.shadergraph using Guid(d8bfc902c9e614d42bc5035c470162ff) Importer(815301076,1909f56bfc062723c751e8b465ee728b)  -> (artifact id: '3defcad28c3143571063ff2e740d8c3d') in 0.020641 seconds
  Import took 0.025522 seconds .

========================================================================
Received Prepare
Registering precompiled user dll's ...
Registered in 0.001429 seconds.
Begin MonoManager ReloadAssembly
Native extension for WindowsStandalone target not found
Refreshing native plugins compatible for Editor in 0.44 ms, found 0 plugins.
Preloading 0 native plugins for Editor in 0.00 ms.
Invoked RoslynAnalysisRunner static constructor.
RoslynAnalysisRunner will not be running.
RoslynAnalysisRunner has terminated.
Mono: successfully reloaded assembly
- Completed reload, in  1.579 seconds
Platform modules already initialized, skipping
Shader 'Universal Render Pipeline/Particles/Lit': fallback shader 'Universal Render Pipeline/Particles/SimpleLit' not found
Shader 'Universal Render Pipeline/Particles/Lit': fallback shader 'Universal Render Pipeline/Particles/SimpleLit' not found
Refreshing native plugins compatible for Editor in 0.41 ms, found 0 plugins.
Preloading 0 native plugins for Editor in 0.00 ms.
Unloading 2351 Unused Serialized files (Serialized files now loaded: 0)
System memory in use before: 115.3 MB.
System memory in use after: 113.1 MB.

Unloading 41 unused Assets to reduce memory usage. Loaded Objects now: 3019.
Total: 4.151800 ms (FindLiveObjects: 0.327700 ms CreateObjectMapping: 0.178600 ms MarkObjects: 1.959200 ms  DeleteObjects: 1.685400 ms)

========================================================================
Received Prepare
Registering precompiled user dll's ...
Registered in 0.001252 seconds.
Begin MonoManager ReloadAssembly
Native extension for WindowsStandalone target not found
Refreshing native plugins compatible for Editor in 0.41 ms, found 0 plugins.
Preloading 0 native plugins for Editor in 0.00 ms.
Invoked RoslynAnalysisRunner static constructor.
RoslynAnalysisRunner will not be running.
RoslynAnalysisRunner has terminated.
Mono: successfully reloaded assembly
- Completed reload, in  1.061 seconds
Platform modules already initialized, skipping
Shader 'Universal Render Pipeline/Particles/Lit': fallback shader 'Universal Render Pipeline/Particles/SimpleLit' not found
Shader 'Universal Render Pipeline/Particles/Lit': fallback shader 'Universal Render Pipeline/Particles/SimpleLit' not found
Refreshing native plugins compatible for Editor in 0.42 ms, found 0 plugins.
Preloading 0 native plugins for Editor in 0.00 ms.
Unloading 2351 Unused Serialized files (Serialized files now loaded: 0)
System memory in use before: 115.3 MB.
System memory in use after: 113.1 MB.

Unloading 41 unused Assets to reduce memory usage. Loaded Objects now: 3022.
Total: 8.872400 ms (FindLiveObjects: 1.974900 ms CreateObjectMapping: 0.287300 ms MarkObjects: 4.152200 ms  DeleteObjects: 2.456400 ms)

========================================================================
Received Import Request.
  Time since last request: 325.380614 seconds.
  path: Assets/Scripts/Hex_Blueprint.cs
  artifactKey: Guid(13a67d31ed4ddf34d97a4c351602b744) Importer(815301076,1909f56bfc062723c751e8b465ee728b)
Start importing Assets/Scripts/Hex_Blueprint.cs using Guid(13a67d31ed4ddf34d97a4c351602b744) Importer(815301076,1909f56bfc062723c751e8b465ee728b)  -> (artifact id: '959d2ab745db785cd884d1becc215ca7') in 0.012625 seconds
  Import took 0.018789 seconds .

========================================================================
Received Prepare
Registering precompiled user dll's ...
Registered in 0.001048 seconds.
Begin MonoManager ReloadAssembly
Native extension for WindowsStandalone target not found
Refreshing native plugins compatible for Editor in 0.48 ms, found 0 plugins.
Preloading 0 native plugins for Editor in 0.00 ms.
Invoked RoslynAnalysisRunner static constructor.
RoslynAnalysisRunner will not be running.
RoslynAnalysisRunner has terminated.
Mono: successfully reloaded assembly
- Completed reload, in  1.193 seconds
Platform modules already initialized, skipping
Shader 'Universal Render Pipeline/Particles/Lit': fallback shader 'Universal Render Pipeline/Particles/SimpleLit' not found
Shader 'Universal Render Pipeline/Particles/Lit': fallback shader 'Universal Render Pipeline/Particles/SimpleLit' not found
Refreshing native plugins compatible for Editor in 0.40 ms, found 0 plugins.
Preloading 0 native plugins for Editor in 0.00 ms.
Unloading 2352 Unused Serialized files (Serialized files now loaded: 0)
System memory in use before: 115.4 MB.
System memory in use after: 113.1 MB.

Unloading 41 unused Assets to reduce memory usage. Loaded Objects now: 3026.
Total: 4.123500 ms (FindLiveObjects: 0.381500 ms CreateObjectMapping: 0.107900 ms MarkObjects: 2.040000 ms  DeleteObjects: 1.592500 ms)

========================================================================
Received Import Request.
  Time since last request: 1514.961082 seconds.
  path: Assets/Scripts/Hex_Blueprint.cs
  artifactKey: Guid(13a67d31ed4ddf34d97a4c351602b744) Importer(815301076,1909f56bfc062723c751e8b465ee728b)
Start importing Assets/Scripts/Hex_Blueprint.cs using Guid(13a67d31ed4ddf34d97a4c351602b744) Importer(815301076,1909f56bfc062723c751e8b465ee728b)  -> (artifact id: 'e6297587692a0b5e74b1e061e459114c') in 0.008124 seconds
  Import took 0.014908 seconds .

========================================================================
Received Prepare
Registering precompiled user dll's ...
Registered in 0.001170 seconds.
Begin MonoManager ReloadAssembly
Native extension for WindowsStandalone target not found
Refreshing native plugins compatible for Editor in 0.69 ms, found 0 plugins.
Preloading 0 native plugins for Editor in 0.00 ms.
Invoked RoslynAnalysisRunner static constructor.
RoslynAnalysisRunner will not be running.
RoslynAnalysisRunner has terminated.
Mono: successfully reloaded assembly
- Completed reload, in  1.121 seconds
Platform modules already initialized, skipping
Shader 'Universal Render Pipeline/Particles/Lit': fallback shader 'Universal Render Pipeline/Particles/SimpleLit' not found
Shader 'Universal Render Pipeline/Particles/Lit': fallback shader 'Universal Render Pipeline/Particles/SimpleLit' not found
Refreshing native plugins compatible for Editor in 0.41 ms, found 0 plugins.
Preloading 0 native plugins for Editor in 0.00 ms.
Unloading 2352 Unused Serialized files (Serialized files now loaded: 0)
System memory in use before: 115.2 MB.
System memory in use after: 113.0 MB.

Unloading 41 unused Assets to reduce memory usage. Loaded Objects now: 3029.
Total: 5.483200 ms (FindLiveObjects: 0.791600 ms CreateObjectMapping: 0.235900 ms MarkObjects: 2.410100 ms  DeleteObjects: 2.044200 ms)

========================================================================
Received Import Request.
  Time since last request: 275.656461 seconds.
  path: Assets/Resources/Prefabs/Ghost Hex.prefab
  artifactKey: Guid(32168c437cd0a3a41824c36af463d2e0) Importer(815301076,1909f56bfc062723c751e8b465ee728b)
Start importing Assets/Resources/Prefabs/Ghost Hex.prefab using Guid(32168c437cd0a3a41824c36af463d2e0) Importer(815301076,1909f56bfc062723c751e8b465ee728b)  -> (artifact id: '7e4c15fd667448246fb71104cd2a29de') in 0.198750 seconds
  Import took 0.204480 seconds .

========================================================================
Received Prepare
Registering precompiled user dll's ...
Registered in 0.001857 seconds.
Begin MonoManager ReloadAssembly
Native extension for WindowsStandalone target not found
Refreshing native plugins compatible for Editor in 0.42 ms, found 0 plugins.
Preloading 0 native plugins for Editor in 0.00 ms.
Invoked RoslynAnalysisRunner static constructor.
RoslynAnalysisRunner will not be running.
RoslynAnalysisRunner has terminated.
Mono: successfully reloaded assembly
- Completed reload, in  1.096 seconds
Platform modules already initialized, skipping
Shader 'Universal Render Pipeline/Particles/Lit': fallback shader 'Universal Render Pipeline/Particles/SimpleLit' not found
Shader 'Universal Render Pipeline/Particles/Lit': fallback shader 'Universal Render Pipeline/Particles/SimpleLit' not found
Refreshing native plugins compatible for Editor in 0.41 ms, found 0 plugins.
Preloading 0 native plugins for Editor in 0.00 ms.
Unloading 2352 Unused Serialized files (Serialized files now loaded: 0)
System memory in use before: 115.5 MB.
System memory in use after: 113.3 MB.

Unloading 41 unused Assets to reduce memory usage. Loaded Objects now: 3068.
Total: 4.584300 ms (FindLiveObjects: 0.626700 ms CreateObjectMapping: 0.252200 ms MarkObjects: 2.194500 ms  DeleteObjects: 1.509500 ms)

========================================================================
Received Import Request.
  Time since last request: 1632.024244 seconds.
  path: Assets/Scripts/UI_Manager.cs
  artifactKey: Guid(4f528246851150d44aa6db5cb35b5afd) Importer(815301076,1909f56bfc062723c751e8b465ee728b)
Start importing Assets/Scripts/UI_Manager.cs using Guid(4f528246851150d44aa6db5cb35b5afd) Importer(815301076,1909f56bfc062723c751e8b465ee728b)  -> (artifact id: '89ed0bac7fd93c049365dedc9bce0d74') in 0.013653 seconds
  Import took 0.018802 seconds .

========================================================================
Received Prepare
Registering precompiled user dll's ...
Registered in 0.001128 seconds.
Begin MonoManager ReloadAssembly
Native extension for WindowsStandalone target not found
Refreshing native plugins compatible for Editor in 1.38 ms, found 0 plugins.
Preloading 0 native plugins for Editor in 0.00 ms.
Invoked RoslynAnalysisRunner static constructor.
RoslynAnalysisRunner will not be running.
RoslynAnalysisRunner has terminated.
Mono: successfully reloaded assembly
- Completed reload, in  1.220 seconds
Platform modules already initialized, skipping
Shader 'Universal Render Pipeline/Particles/Lit': fallback shader 'Universal Render Pipeline/Particles/SimpleLit' not found
Shader 'Universal Render Pipeline/Particles/Lit': fallback shader 'Universal Render Pipeline/Particles/SimpleLit' not found
Refreshing native plugins compatible for Editor in 0.42 ms, found 0 plugins.
Preloading 0 native plugins for Editor in 0.00 ms.
Unloading 2353 Unused Serialized files (Serialized files now loaded: 0)
System memory in use before: 115.5 MB.
System memory in use after: 113.3 MB.

Unloading 41 unused Assets to reduce memory usage. Loaded Objects now: 3072.
Total: 6.294200 ms (FindLiveObjects: 0.440100 ms CreateObjectMapping: 0.616600 ms MarkObjects: 2.933900 ms  DeleteObjects: 2.301900 ms)

========================================================================
Received Import Request.
  Time since last request: 40.776012 seconds.
  path: Assets/Scripts/UI_Manager.cs
  artifactKey: Guid(4f528246851150d44aa6db5cb35b5afd) Importer(815301076,1909f56bfc062723c751e8b465ee728b)
Start importing Assets/Scripts/UI_Manager.cs using Guid(4f528246851150d44aa6db5cb35b5afd) Importer(815301076,1909f56bfc062723c751e8b465ee728b)  -> (artifact id: '265e409a344f0a78905d10f947eb491e') in 0.010553 seconds
  Import took 0.016865 seconds .

========================================================================
Received Prepare
Registering precompiled user dll's ...
Registered in 0.001712 seconds.
Begin MonoManager ReloadAssembly
Native extension for WindowsStandalone target not found
Refreshing native plugins compatible for Editor in 0.61 ms, found 0 plugins.
Preloading 0 native plugins for Editor in 0.00 ms.
Invoked RoslynAnalysisRunner static constructor.
RoslynAnalysisRunner will not be running.
RoslynAnalysisRunner has terminated.
Mono: successfully reloaded assembly
- Completed reload, in  1.056 seconds
Platform modules already initialized, skipping
Shader 'Universal Render Pipeline/Particles/Lit': fallback shader 'Universal Render Pipeline/Particles/SimpleLit' not found
Shader 'Universal Render Pipeline/Particles/Lit': fallback shader 'Universal Render Pipeline/Particles/SimpleLit' not found
Refreshing native plugins compatible for Editor in 0.42 ms, found 0 plugins.
Preloading 0 native plugins for Editor in 0.00 ms.
Unloading 2353 Unused Serialized files (Serialized files now loaded: 0)
System memory in use before: 115.5 MB.
System memory in use after: 113.3 MB.

Unloading 41 unused Assets to reduce memory usage. Loaded Objects now: 3075.
Total: 4.374900 ms (FindLiveObjects: 0.343400 ms CreateObjectMapping: 0.119700 ms MarkObjects: 2.086800 ms  DeleteObjects: 1.824100 ms)

========================================================================
Received Prepare
Registering precompiled user dll's ...
Registered in 0.001113 seconds.
Begin MonoManager ReloadAssembly
Native extension for WindowsStandalone target not found
Refreshing native plugins compatible for Editor in 0.40 ms, found 0 plugins.
Preloading 0 native plugins for Editor in 0.00 ms.
Invoked RoslynAnalysisRunner static constructor.
RoslynAnalysisRunner will not be running.
RoslynAnalysisRunner has terminated.
Mono: successfully reloaded assembly
- Completed reload, in  1.063 seconds
Platform modules already initialized, skipping
Shader 'Universal Render Pipeline/Particles/Lit': fallback shader 'Universal Render Pipeline/Particles/SimpleLit' not found
Shader 'Universal Render Pipeline/Particles/Lit': fallback shader 'Universal Render Pipeline/Particles/SimpleLit' not found
Refreshing native plugins compatible for Editor in 0.70 ms, found 0 plugins.
Preloading 0 native plugins for Editor in 0.00 ms.
Unloading 2353 Unused Serialized files (Serialized files now loaded: 0)
System memory in use before: 115.5 MB.
System memory in use after: 113.3 MB.

Unloading 41 unused Assets to reduce memory usage. Loaded Objects now: 3078.
Total: 4.062600 ms (FindLiveObjects: 0.292300 ms CreateObjectMapping: 0.088300 ms MarkObjects: 2.069700 ms  DeleteObjects: 1.610800 ms)

========================================================================
Received Prepare
Registering precompiled user dll's ...
Registered in 0.001152 seconds.
Begin MonoManager ReloadAssembly
Native extension for WindowsStandalone target not found
Refreshing native plugins compatible for Editor in 0.47 ms, found 0 plugins.
Preloading 0 native plugins for Editor in 0.00 ms.
Invoked RoslynAnalysisRunner static constructor.
RoslynAnalysisRunner will not be running.
RoslynAnalysisRunner has terminated.
Mono: successfully reloaded assembly
- Completed reload, in  1.009 seconds
Platform modules already initialized, skipping
Shader 'Universal Render Pipeline/Particles/Lit': fallback shader 'Universal Render Pipeline/Particles/SimpleLit' not found
Shader 'Universal Render Pipeline/Particles/Lit': fallback shader 'Universal Render Pipeline/Particles/SimpleLit' not found
Refreshing native plugins compatible for Editor in 0.43 ms, found 0 plugins.
Preloading 0 native plugins for Editor in 0.00 ms.
Unloading 2353 Unused Serialized files (Serialized files now loaded: 0)
System memory in use before: 115.5 MB.
System memory in use after: 113.2 MB.

Unloading 41 unused Assets to reduce memory usage. Loaded Objects now: 3081.
Total: 5.933200 ms (FindLiveObjects: 0.610300 ms CreateObjectMapping: 0.233400 ms MarkObjects: 3.282400 ms  DeleteObjects: 1.805400 ms)

AssetImportWorkerClient::OnTransportError - code=2 error=End of file
