Using pre-set license
Built from '2020.2/staging' branch; Version is '2020.2.7f1 (c53830e277f1) revision 12924976'; Using compiler version '192528614'; Build Type 'Release'
OS: 'Windows 10 Home; OS build 19041.1083; Version 2004; 64bit' Language: 'en' Physical Memory: 16328 MB
BatchMode: 1, IsHumanControllingUs: 0, StartBugReporterOnCrash: 0, Is64bit: 1, IsPro: 0

 COMMAND LINE ARGUMENTS:
D:\2020.2.7f1\Editor\Unity.exe
-adb2
-batchMode
-noUpm
-name
AssetImportWorker0
-projectPath
D:/GitHub/hex-trigger/hex-trigger
-logFile
Logs/AssetImportWorker0.log
-srvPort
50489
Successfully changed project path to: D:/GitHub/hex-trigger/hex-trigger
D:/GitHub/hex-trigger/hex-trigger
Using Asset Import Pipeline V2.
Refreshing native plugins compatible for Editor in 71.02 ms, found 0 plugins.
Preloading 0 native plugins for Editor in 0.00 ms.
Initialize engine version: 2020.2.7f1 (c53830e277f1)
[Subsystems] Discovering subsystems at path D:/2020.2.7f1/Editor/Data/Resources/UnitySubsystems
[Subsystems] Discovering subsystems at path D:/GitHub/hex-trigger/hex-trigger/Assets
GfxDevice: creating device client; threaded=0
Direct3D:
    Version:  Direct3D 11.0 [level 11.1]
    Renderer: NVIDIA GeForce GTX 1080 (ID=0x1b80)
    Vendor:   
    VRAM:     8079 MB
    Driver:   27.21.14.6677
Initialize mono
Mono path[0] = 'D:/2020.2.7f1/Editor/Data/Managed'
Mono path[1] = 'D:/2020.2.7f1/Editor/Data/MonoBleedingEdge/lib/mono/unityjit'
Mono config path = 'D:/2020.2.7f1/Editor/Data/MonoBleedingEdge/etc'
Using monoOptions --debugger-agent=transport=dt_socket,embedding=1,server=y,suspend=n,address=127.0.0.1:56152
Begin MonoManager ReloadAssembly
Registering precompiled unity dll's ...
Register platform support module: D:/2020.2.7f1/Editor/Data/PlaybackEngines/WindowsStandaloneSupport/UnityEditor.WindowsStandalone.Extensions.dll
Registered in 0.001060 seconds.
Native extension for WindowsStandalone target not found
Refreshing native plugins compatible for Editor in 73.13 ms, found 0 plugins.
Preloading 0 native plugins for Editor in 0.00 ms.
Invoked RoslynAnalysisRunner static constructor.
RoslynAnalysisRunner will not be running.
RoslynAnalysisRunner has terminated.
Mono: successfully reloaded assembly
- Completed reload, in  0.993 seconds
Platform modules already initialized, skipping
Registering precompiled user dll's ...
Registered in 0.001839 seconds.
Begin MonoManager ReloadAssembly
Native extension for WindowsStandalone target not found
Refreshing native plugins compatible for Editor in 76.77 ms, found 0 plugins.
Preloading 0 native plugins for Editor in 0.00 ms.
Invoked RoslynAnalysisRunner static constructor.
RoslynAnalysisRunner will not be running.
RoslynAnalysisRunner has terminated.
Mono: successfully reloaded assembly
- Completed reload, in  1.042 seconds
Platform modules already initialized, skipping
========================================================================
Worker process is ready to serve import requests
Shader 'Universal Render Pipeline/Particles/Lit': fallback shader 'Universal Render Pipeline/Particles/SimpleLit' not found
Shader 'Universal Render Pipeline/Particles/Lit': fallback shader 'Universal Render Pipeline/Particles/SimpleLit' not found
Launched and connected shader compiler UnityShaderCompiler.exe after 0.04 seconds
Refreshing native plugins compatible for Editor in 0.64 ms, found 0 plugins.
Preloading 0 native plugins for Editor in 0.00 ms.
Unloading 2485 Unused Serialized files (Serialized files now loaded: 0)
System memory in use before: 126.1 MB.
System memory in use after: 124.2 MB.

Unloading 41 unused Assets to reduce memory usage. Loaded Objects now: 2911.
Total: 4.367600 ms (FindLiveObjects: 0.516600 ms CreateObjectMapping: 0.339400 ms MarkObjects: 2.179800 ms  DeleteObjects: 1.329600 ms)

========================================================================
Received Import Request.
  path: Assets/Scripts/Buildings/Building_Storage.cs
  artifactKey: Guid(b121817dd2822ae46b6eeb601646baf2) Importer(815301076,1909f56bfc062723c751e8b465ee728b)
Start importing Assets/Scripts/Buildings/Building_Storage.cs using Guid(b121817dd2822ae46b6eeb601646baf2) Importer(815301076,1909f56bfc062723c751e8b465ee728b)  -> (artifact id: 'be1d842ff2eaae787368511cff83ba82') in 0.099633 seconds
  Import took 0.104380 seconds .

========================================================================
Received Import Request.
  Time since last request: 2111.960618 seconds.
  path: Assets/Scripts/Battle Map/Battle_Map.cs
  artifactKey: Guid(10f98cfb0be484345a7ca7fc85c99b9c) Importer(815301076,1909f56bfc062723c751e8b465ee728b)
Start importing Assets/Scripts/Battle Map/Battle_Map.cs using Guid(10f98cfb0be484345a7ca7fc85c99b9c) Importer(815301076,1909f56bfc062723c751e8b465ee728b)  -> (artifact id: '3a6e2a362caed8054d2991ed7ce4ca34') in 0.027358 seconds
  Import took 0.032550 seconds .

AssetImportWorkerClient::OnTransportError - code=2 error=End of file
