Using pre-set license
Built from '2020.2/staging' branch; Version is '2020.2.7f1 (c53830e277f1) revision 12924976'; Using compiler version '192528614'; Build Type 'Release'
OS: 'Windows 10 Home; OS build 19043.1110; Version 2009; 64bit' Language: 'en' Physical Memory: 16328 MB
BatchMode: 1, IsHumanControllingUs: 0, StartBugReporterOnCrash: 0, Is64bit: 1, IsPro: 0

 COMMAND LINE ARGUMENTS:
D:\2020.2.7f1\Editor\Unity.exe
-adb2
-batchMode
-noUpm
-name
AssetImportWorker1
-projectPath
D:/GitHub/hex-trigger/hex-trigger
-logFile
Logs/AssetImportWorker1.log
-srvPort
62678
Successfully changed project path to: D:/GitHub/hex-trigger/hex-trigger
D:/GitHub/hex-trigger/hex-trigger
Using Asset Import Pipeline V2.
Refreshing native plugins compatible for Editor in 89.16 ms, found 0 plugins.
Preloading 0 native plugins for Editor in 0.00 ms.
Initialize engine version: 2020.2.7f1 (c53830e277f1)
[Subsystems] Discovering subsystems at path D:/2020.2.7f1/Editor/Data/Resources/UnitySubsystems
[Subsystems] Discovering subsystems at path D:/GitHub/hex-trigger/hex-trigger/Assets
GfxDevice: creating device client; threaded=0
Direct3D:
    Version:  Direct3D 11.0 [level 11.1]
    Renderer: NVIDIA GeForce GTX 1080 (ID=0x1b80)
    Vendor:   
    VRAM:     8079 MB
    Driver:   30.0.14.7168
Initialize mono
Mono path[0] = 'D:/2020.2.7f1/Editor/Data/Managed'
Mono path[1] = 'D:/2020.2.7f1/Editor/Data/MonoBleedingEdge/lib/mono/unityjit'
Mono config path = 'D:/2020.2.7f1/Editor/Data/MonoBleedingEdge/etc'
Using monoOptions --debugger-agent=transport=dt_socket,embedding=1,server=y,suspend=n,address=127.0.0.1:56084
Begin MonoManager ReloadAssembly
Registering precompiled unity dll's ...
Register platform support module: D:/2020.2.7f1/Editor/Data/PlaybackEngines/WindowsStandaloneSupport/UnityEditor.WindowsStandalone.Extensions.dll
Registered in 0.001278 seconds.
Native extension for WindowsStandalone target not found
Refreshing native plugins compatible for Editor in 105.04 ms, found 0 plugins.
Preloading 0 native plugins for Editor in 0.00 ms.
Invoked RoslynAnalysisRunner static constructor.
RoslynAnalysisRunner will not be running.
RoslynAnalysisRunner has terminated.
Mono: successfully reloaded assembly
- Completed reload, in  1.603 seconds
Platform modules already initialized, skipping
Registering precompiled user dll's ...
Registered in 0.001939 seconds.
Begin MonoManager ReloadAssembly
Native extension for WindowsStandalone target not found
Refreshing native plugins compatible for Editor in 77.15 ms, found 0 plugins.
Preloading 0 native plugins for Editor in 0.00 ms.
Invoked RoslynAnalysisRunner static constructor.
RoslynAnalysisRunner will not be running.
RoslynAnalysisRunner has terminated.
Mono: successfully reloaded assembly
- Completed reload, in  1.093 seconds
Platform modules already initialized, skipping
========================================================================
Worker process is ready to serve import requests
Shader 'Universal Render Pipeline/Particles/Lit': fallback shader 'Universal Render Pipeline/Particles/SimpleLit' not found
Shader 'Universal Render Pipeline/Particles/Lit': fallback shader 'Universal Render Pipeline/Particles/SimpleLit' not found
Launched and connected shader compiler UnityShaderCompiler.exe after 0.10 seconds
Refreshing native plugins compatible for Editor in 1.01 ms, found 0 plugins.
Preloading 0 native plugins for Editor in 0.00 ms.
Unloading 2488 Unused Serialized files (Serialized files now loaded: 0)
System memory in use before: 126.4 MB.
System memory in use after: 124.5 MB.

Unloading 41 unused Assets to reduce memory usage. Loaded Objects now: 2914.
Total: 32.679000 ms (FindLiveObjects: 0.534300 ms CreateObjectMapping: 0.137400 ms MarkObjects: 30.805900 ms  DeleteObjects: 1.199500 ms)

========================================================================
Received Import Request.
  path: Assets/Scripts/Buildings/Void_Communicator.cs
  artifactKey: Guid(a73da72d628463d458d8a5642c7a7676) Importer(815301076,1909f56bfc062723c751e8b465ee728b)
Start importing Assets/Scripts/Buildings/Void_Communicator.cs using Guid(a73da72d628463d458d8a5642c7a7676) Importer(815301076,1909f56bfc062723c751e8b465ee728b)  -> (artifact id: '5fab8b8a9be63d23bfb6b294048cece7') in 0.108355 seconds
  Import took 0.112838 seconds .

========================================================================
Received Prepare
Registering precompiled user dll's ...
Registered in 0.001470 seconds.
Begin MonoManager ReloadAssembly
Native extension for WindowsStandalone target not found
Refreshing native plugins compatible for Editor in 0.79 ms, found 0 plugins.
Preloading 0 native plugins for Editor in 0.00 ms.
Invoked RoslynAnalysisRunner static constructor.
RoslynAnalysisRunner will not be running.
RoslynAnalysisRunner has terminated.
Mono: successfully reloaded assembly
- Completed reload, in  1.088 seconds
Platform modules already initialized, skipping
Shader 'Universal Render Pipeline/Particles/Lit': fallback shader 'Universal Render Pipeline/Particles/SimpleLit' not found
Shader 'Universal Render Pipeline/Particles/Lit': fallback shader 'Universal Render Pipeline/Particles/SimpleLit' not found
Refreshing native plugins compatible for Editor in 0.99 ms, found 0 plugins.
Preloading 0 native plugins for Editor in 0.00 ms.
Unloading 2386 Unused Serialized files (Serialized files now loaded: 0)
System memory in use before: 121.1 MB.
System memory in use after: 119.2 MB.

Unloading 36 unused Assets to reduce memory usage. Loaded Objects now: 2917.
Total: 3.347700 ms (FindLiveObjects: 0.255700 ms CreateObjectMapping: 0.097500 ms MarkObjects: 1.769300 ms  DeleteObjects: 1.223900 ms)

========================================================================
Received Import Request.
  Time since last request: 842.008553 seconds.
  path: Assets/Scripts/Buildings/Void_Communicator.cs
  artifactKey: Guid(a73da72d628463d458d8a5642c7a7676) Importer(815301076,1909f56bfc062723c751e8b465ee728b)
Start importing Assets/Scripts/Buildings/Void_Communicator.cs using Guid(a73da72d628463d458d8a5642c7a7676) Importer(815301076,1909f56bfc062723c751e8b465ee728b)  -> (artifact id: '025b3d0c84d4c674747d001aa6bc470e') in 0.005400 seconds
  Import took 0.010416 seconds .

========================================================================
Received Import Request.
  Time since last request: 1887.055042 seconds.
  path: Assets/Scripts/Buildings/Void_Radar_Array.cs
  artifactKey: Guid(2e798bab03c3773468f71972dc8205b4) Importer(815301076,1909f56bfc062723c751e8b465ee728b)
Start importing Assets/Scripts/Buildings/Void_Radar_Array.cs using Guid(2e798bab03c3773468f71972dc8205b4) Importer(815301076,1909f56bfc062723c751e8b465ee728b)  -> (artifact id: '001fd371e4a8e27e64a21d66a596314b') in 0.012623 seconds
  Import took 0.018107 seconds .

========================================================================
Received Prepare
Registering precompiled user dll's ...
Registered in 0.001786 seconds.
Begin MonoManager ReloadAssembly
Native extension for WindowsStandalone target not found
Refreshing native plugins compatible for Editor in 0.62 ms, found 0 plugins.
Preloading 0 native plugins for Editor in 0.00 ms.
Invoked RoslynAnalysisRunner static constructor.
RoslynAnalysisRunner will not be running.
RoslynAnalysisRunner has terminated.
Mono: successfully reloaded assembly
- Completed reload, in  1.129 seconds
Platform modules already initialized, skipping
Shader 'Universal Render Pipeline/Particles/Lit': fallback shader 'Universal Render Pipeline/Particles/SimpleLit' not found
Shader 'Universal Render Pipeline/Particles/Lit': fallback shader 'Universal Render Pipeline/Particles/SimpleLit' not found
Refreshing native plugins compatible for Editor in 0.68 ms, found 0 plugins.
Preloading 0 native plugins for Editor in 0.00 ms.
Unloading 2387 Unused Serialized files (Serialized files now loaded: 0)
System memory in use before: 121.2 MB.
System memory in use after: 119.3 MB.

Unloading 36 unused Assets to reduce memory usage. Loaded Objects now: 2921.
Total: 4.128300 ms (FindLiveObjects: 0.585800 ms CreateObjectMapping: 0.193700 ms MarkObjects: 1.997600 ms  DeleteObjects: 1.349300 ms)

========================================================================
Received Import Request.
  Time since last request: 214.848865 seconds.
  path: Assets/Scripts/Buildings/Void_Radar_Array.cs
  artifactKey: Guid(2e798bab03c3773468f71972dc8205b4) Importer(815301076,1909f56bfc062723c751e8b465ee728b)
Start importing Assets/Scripts/Buildings/Void_Radar_Array.cs using Guid(2e798bab03c3773468f71972dc8205b4) Importer(815301076,1909f56bfc062723c751e8b465ee728b)  -> (artifact id: 'e4e5fa09c23c6ddd9373aa865ff0054f') in 0.022476 seconds
  Import took 0.029440 seconds .

========================================================================
Received Prepare
Registering precompiled user dll's ...
Registered in 0.001266 seconds.
Begin MonoManager ReloadAssembly
Native extension for WindowsStandalone target not found
Refreshing native plugins compatible for Editor in 0.62 ms, found 0 plugins.
Preloading 0 native plugins for Editor in 0.00 ms.
Invoked RoslynAnalysisRunner static constructor.
RoslynAnalysisRunner will not be running.
RoslynAnalysisRunner has terminated.
Mono: successfully reloaded assembly
- Completed reload, in  1.147 seconds
Platform modules already initialized, skipping
Shader 'Universal Render Pipeline/Particles/Lit': fallback shader 'Universal Render Pipeline/Particles/SimpleLit' not found
Shader 'Universal Render Pipeline/Particles/Lit': fallback shader 'Universal Render Pipeline/Particles/SimpleLit' not found
Refreshing native plugins compatible for Editor in 0.68 ms, found 0 plugins.
Preloading 0 native plugins for Editor in 0.00 ms.
Unloading 2387 Unused Serialized files (Serialized files now loaded: 0)
System memory in use before: 121.2 MB.
System memory in use after: 119.3 MB.

Unloading 36 unused Assets to reduce memory usage. Loaded Objects now: 2924.
Total: 4.307000 ms (FindLiveObjects: 0.976200 ms CreateObjectMapping: 0.159900 ms MarkObjects: 1.833800 ms  DeleteObjects: 1.302100 ms)

========================================================================
Received Import Request.
  Time since last request: 65.550781 seconds.
  path: Assets/Scripts/Buildings/Abyssal_Pathfinder.cs
  artifactKey: Guid(0825d8fd16beda149aa5adaaea540b36) Importer(815301076,1909f56bfc062723c751e8b465ee728b)
Start importing Assets/Scripts/Buildings/Abyssal_Pathfinder.cs using Guid(0825d8fd16beda149aa5adaaea540b36) Importer(815301076,1909f56bfc062723c751e8b465ee728b)  -> (artifact id: 'cf62ad0a791cc8485693ed52d7f9a3b2') in 0.016069 seconds
  Import took 0.022691 seconds .

========================================================================
Received Prepare
Registering precompiled user dll's ...
Registered in 0.001538 seconds.
Begin MonoManager ReloadAssembly
Native extension for WindowsStandalone target not found
Refreshing native plugins compatible for Editor in 1.07 ms, found 0 plugins.
Preloading 0 native plugins for Editor in 0.00 ms.
Invoked RoslynAnalysisRunner static constructor.
RoslynAnalysisRunner will not be running.
RoslynAnalysisRunner has terminated.
Mono: successfully reloaded assembly
- Completed reload, in  1.386 seconds
Platform modules already initialized, skipping
Shader 'Universal Render Pipeline/Particles/Lit': fallback shader 'Universal Render Pipeline/Particles/SimpleLit' not found
Shader 'Universal Render Pipeline/Particles/Lit': fallback shader 'Universal Render Pipeline/Particles/SimpleLit' not found
Refreshing native plugins compatible for Editor in 0.64 ms, found 0 plugins.
Preloading 0 native plugins for Editor in 0.00 ms.
Unloading 2388 Unused Serialized files (Serialized files now loaded: 0)
System memory in use before: 121.3 MB.
System memory in use after: 119.4 MB.

Unloading 36 unused Assets to reduce memory usage. Loaded Objects now: 2928.
Total: 5.821500 ms (FindLiveObjects: 0.723200 ms CreateObjectMapping: 0.193100 ms MarkObjects: 2.731500 ms  DeleteObjects: 2.171500 ms)

========================================================================
Received Prepare
Registering precompiled user dll's ...
Registered in 0.001201 seconds.
Begin MonoManager ReloadAssembly
Native extension for WindowsStandalone target not found
Refreshing native plugins compatible for Editor in 0.65 ms, found 0 plugins.
Preloading 0 native plugins for Editor in 0.00 ms.
Invoked RoslynAnalysisRunner static constructor.
RoslynAnalysisRunner will not be running.
RoslynAnalysisRunner has terminated.
Mono: successfully reloaded assembly
- Completed reload, in  1.021 seconds
Platform modules already initialized, skipping
Shader 'Universal Render Pipeline/Particles/Lit': fallback shader 'Universal Render Pipeline/Particles/SimpleLit' not found
Shader 'Universal Render Pipeline/Particles/Lit': fallback shader 'Universal Render Pipeline/Particles/SimpleLit' not found
Refreshing native plugins compatible for Editor in 0.74 ms, found 0 plugins.
Preloading 0 native plugins for Editor in 0.00 ms.
Unloading 2388 Unused Serialized files (Serialized files now loaded: 0)
System memory in use before: 121.2 MB.
System memory in use after: 119.3 MB.

Unloading 36 unused Assets to reduce memory usage. Loaded Objects now: 2931.
Total: 4.035200 ms (FindLiveObjects: 0.347700 ms CreateObjectMapping: 0.114200 ms MarkObjects: 1.792600 ms  DeleteObjects: 1.778900 ms)

========================================================================
Received Import Request.
  Time since last request: 87.204306 seconds.
  path: Assets/Scripts/Buildings/Abyssal_Pathfinder.cs
  artifactKey: Guid(0825d8fd16beda149aa5adaaea540b36) Importer(815301076,1909f56bfc062723c751e8b465ee728b)
Start importing Assets/Scripts/Buildings/Abyssal_Pathfinder.cs using Guid(0825d8fd16beda149aa5adaaea540b36) Importer(815301076,1909f56bfc062723c751e8b465ee728b)  -> (artifact id: '82b54862450c9dc51be8ba20a762dced') in 0.006139 seconds
  Import took 0.010586 seconds .

========================================================================
Received Import Request.
  Time since last request: 248.677969 seconds.
  path: Assets/Scripts/Buildings/Void_Rudder.cs
  artifactKey: Guid(441caca297126e94699b78c094f22659) Importer(815301076,1909f56bfc062723c751e8b465ee728b)
Start importing Assets/Scripts/Buildings/Void_Rudder.cs using Guid(441caca297126e94699b78c094f22659) Importer(815301076,1909f56bfc062723c751e8b465ee728b)  -> (artifact id: 'dbd77e4047182f67bc2764fa3e666531') in 0.011285 seconds
  Import took 0.019011 seconds .

========================================================================
Received Prepare
Registering precompiled user dll's ...
Registered in 0.001503 seconds.
Begin MonoManager ReloadAssembly
Native extension for WindowsStandalone target not found
Refreshing native plugins compatible for Editor in 3.30 ms, found 0 plugins.
Preloading 0 native plugins for Editor in 0.00 ms.
Invoked RoslynAnalysisRunner static constructor.
RoslynAnalysisRunner will not be running.
RoslynAnalysisRunner has terminated.
Mono: successfully reloaded assembly
- Completed reload, in  1.241 seconds
Platform modules already initialized, skipping
Shader 'Universal Render Pipeline/Particles/Lit': fallback shader 'Universal Render Pipeline/Particles/SimpleLit' not found
Shader 'Universal Render Pipeline/Particles/Lit': fallback shader 'Universal Render Pipeline/Particles/SimpleLit' not found
Refreshing native plugins compatible for Editor in 0.62 ms, found 0 plugins.
Preloading 0 native plugins for Editor in 0.00 ms.
Unloading 2389 Unused Serialized files (Serialized files now loaded: 0)
System memory in use before: 121.4 MB.
System memory in use after: 119.4 MB.

Unloading 36 unused Assets to reduce memory usage. Loaded Objects now: 2935.
Total: 14.985000 ms (FindLiveObjects: 9.017800 ms CreateObjectMapping: 0.401200 ms MarkObjects: 3.487200 ms  DeleteObjects: 2.077100 ms)

========================================================================
Received Prepare
Registering precompiled user dll's ...
Registered in 0.001213 seconds.
Begin MonoManager ReloadAssembly
Native extension for WindowsStandalone target not found
Refreshing native plugins compatible for Editor in 0.64 ms, found 0 plugins.
Preloading 0 native plugins for Editor in 0.00 ms.
Invoked RoslynAnalysisRunner static constructor.
RoslynAnalysisRunner will not be running.
RoslynAnalysisRunner has terminated.
Mono: successfully reloaded assembly
- Completed reload, in  1.156 seconds
Platform modules already initialized, skipping
Shader 'Universal Render Pipeline/Particles/Lit': fallback shader 'Universal Render Pipeline/Particles/SimpleLit' not found
Shader 'Universal Render Pipeline/Particles/Lit': fallback shader 'Universal Render Pipeline/Particles/SimpleLit' not found
Refreshing native plugins compatible for Editor in 0.80 ms, found 0 plugins.
Preloading 0 native plugins for Editor in 0.00 ms.
Unloading 2389 Unused Serialized files (Serialized files now loaded: 0)
System memory in use before: 121.3 MB.
System memory in use after: 119.4 MB.

Unloading 36 unused Assets to reduce memory usage. Loaded Objects now: 2938.
Total: 4.747500 ms (FindLiveObjects: 0.891400 ms CreateObjectMapping: 0.158900 ms MarkObjects: 2.277800 ms  DeleteObjects: 1.417400 ms)

========================================================================
Received Import Request.
  Time since last request: 45.488040 seconds.
  path: Assets/Scripts/Buildings/Void_Rudder.cs
  artifactKey: Guid(441caca297126e94699b78c094f22659) Importer(815301076,1909f56bfc062723c751e8b465ee728b)
Start importing Assets/Scripts/Buildings/Void_Rudder.cs using Guid(441caca297126e94699b78c094f22659) Importer(815301076,1909f56bfc062723c751e8b465ee728b)  -> (artifact id: '11af0fd5294dd25e321fd6cd7125e775') in 0.006535 seconds
  Import took 0.012310 seconds .

========================================================================
Received Import Request.
  Time since last request: 373.289213 seconds.
  path: Assets/Scripts/Buildings/Faction_Embassy.cs
  artifactKey: Guid(38dcdb1336cec614cbfd65b72428d5af) Importer(815301076,1909f56bfc062723c751e8b465ee728b)
Start importing Assets/Scripts/Buildings/Faction_Embassy.cs using Guid(38dcdb1336cec614cbfd65b72428d5af) Importer(815301076,1909f56bfc062723c751e8b465ee728b)  -> (artifact id: 'f849fe28aadc7a147bc62646976e96e7') in 0.009124 seconds
  Import took 0.014310 seconds .

========================================================================
Received Prepare
Registering precompiled user dll's ...
Registered in 0.001953 seconds.
Begin MonoManager ReloadAssembly
Native extension for WindowsStandalone target not found
Refreshing native plugins compatible for Editor in 0.67 ms, found 0 plugins.
Preloading 0 native plugins for Editor in 0.00 ms.
Invoked RoslynAnalysisRunner static constructor.
RoslynAnalysisRunner will not be running.
RoslynAnalysisRunner has terminated.
Mono: successfully reloaded assembly
- Completed reload, in  1.401 seconds
Platform modules already initialized, skipping
Shader 'Universal Render Pipeline/Particles/Lit': fallback shader 'Universal Render Pipeline/Particles/SimpleLit' not found
Shader 'Universal Render Pipeline/Particles/Lit': fallback shader 'Universal Render Pipeline/Particles/SimpleLit' not found
Refreshing native plugins compatible for Editor in 0.64 ms, found 0 plugins.
Preloading 0 native plugins for Editor in 0.00 ms.
Unloading 2390 Unused Serialized files (Serialized files now loaded: 0)
System memory in use before: 121.4 MB.
System memory in use after: 119.5 MB.

Unloading 36 unused Assets to reduce memory usage. Loaded Objects now: 2942.
Total: 4.534400 ms (FindLiveObjects: 0.391400 ms CreateObjectMapping: 0.262400 ms MarkObjects: 2.327000 ms  DeleteObjects: 1.551900 ms)

========================================================================
Received Prepare
Registering precompiled user dll's ...
Registered in 0.001421 seconds.
Begin MonoManager ReloadAssembly
Native extension for WindowsStandalone target not found
Refreshing native plugins compatible for Editor in 0.62 ms, found 0 plugins.
Preloading 0 native plugins for Editor in 0.00 ms.
Invoked RoslynAnalysisRunner static constructor.
RoslynAnalysisRunner will not be running.
RoslynAnalysisRunner has terminated.
Mono: successfully reloaded assembly
- Completed reload, in  0.987 seconds
Platform modules already initialized, skipping
Shader 'Universal Render Pipeline/Particles/Lit': fallback shader 'Universal Render Pipeline/Particles/SimpleLit' not found
Shader 'Universal Render Pipeline/Particles/Lit': fallback shader 'Universal Render Pipeline/Particles/SimpleLit' not found
Refreshing native plugins compatible for Editor in 0.87 ms, found 0 plugins.
Preloading 0 native plugins for Editor in 0.00 ms.
Unloading 2390 Unused Serialized files (Serialized files now loaded: 0)
System memory in use before: 121.4 MB.
System memory in use after: 119.5 MB.

Unloading 36 unused Assets to reduce memory usage. Loaded Objects now: 2945.
Total: 5.939300 ms (FindLiveObjects: 0.555500 ms CreateObjectMapping: 0.217600 ms MarkObjects: 3.510900 ms  DeleteObjects: 1.653700 ms)

========================================================================
Received Import Request.
  Time since last request: 27.663556 seconds.
  path: Assets/Scripts/Buildings/Faction_Embassy.cs
  artifactKey: Guid(38dcdb1336cec614cbfd65b72428d5af) Importer(815301076,1909f56bfc062723c751e8b465ee728b)
Start importing Assets/Scripts/Buildings/Faction_Embassy.cs using Guid(38dcdb1336cec614cbfd65b72428d5af) Importer(815301076,1909f56bfc062723c751e8b465ee728b)  -> (artifact id: '3188e63bc8e0a1299c442e13dbea8dc0') in 0.005468 seconds
  Import took 0.010473 seconds .

========================================================================
Received Import Request.
  Time since last request: 29.649809 seconds.
  path: Assets/Scripts/Buildings/Weather_Manipulator.cs
  artifactKey: Guid(cfbce82e94599b94a9673862d0a7f930) Importer(815301076,1909f56bfc062723c751e8b465ee728b)
Start importing Assets/Scripts/Buildings/Weather_Manipulator.cs using Guid(cfbce82e94599b94a9673862d0a7f930) Importer(815301076,1909f56bfc062723c751e8b465ee728b)  -> (artifact id: '4abcd7a12adaaf9bba4c34ce17777ff0') in 0.009449 seconds
  Import took 0.015344 seconds .

========================================================================
Received Prepare
Registering precompiled user dll's ...
Registered in 0.002584 seconds.
Begin MonoManager ReloadAssembly
Native extension for WindowsStandalone target not found
Refreshing native plugins compatible for Editor in 0.63 ms, found 0 plugins.
Preloading 0 native plugins for Editor in 0.00 ms.
Invoked RoslynAnalysisRunner static constructor.
RoslynAnalysisRunner will not be running.
RoslynAnalysisRunner has terminated.
Mono: successfully reloaded assembly
- Completed reload, in  1.286 seconds
Platform modules already initialized, skipping
Shader 'Universal Render Pipeline/Particles/Lit': fallback shader 'Universal Render Pipeline/Particles/SimpleLit' not found
Shader 'Universal Render Pipeline/Particles/Lit': fallback shader 'Universal Render Pipeline/Particles/SimpleLit' not found
Refreshing native plugins compatible for Editor in 1.01 ms, found 0 plugins.
Preloading 0 native plugins for Editor in 0.00 ms.
Unloading 2391 Unused Serialized files (Serialized files now loaded: 0)
System memory in use before: 121.3 MB.
System memory in use after: 119.4 MB.

Unloading 36 unused Assets to reduce memory usage. Loaded Objects now: 2949.
Total: 5.829200 ms (FindLiveObjects: 0.701900 ms CreateObjectMapping: 0.170100 ms MarkObjects: 3.090900 ms  DeleteObjects: 1.864700 ms)

========================================================================
Received Prepare
Registering precompiled user dll's ...
Registered in 0.001266 seconds.
Begin MonoManager ReloadAssembly
Native extension for WindowsStandalone target not found
Refreshing native plugins compatible for Editor in 0.75 ms, found 0 plugins.
Preloading 0 native plugins for Editor in 0.00 ms.
Invoked RoslynAnalysisRunner static constructor.
RoslynAnalysisRunner will not be running.
RoslynAnalysisRunner has terminated.
Mono: successfully reloaded assembly
- Completed reload, in  0.997 seconds
Platform modules already initialized, skipping
Shader 'Universal Render Pipeline/Particles/Lit': fallback shader 'Universal Render Pipeline/Particles/SimpleLit' not found
Shader 'Universal Render Pipeline/Particles/Lit': fallback shader 'Universal Render Pipeline/Particles/SimpleLit' not found
Refreshing native plugins compatible for Editor in 0.62 ms, found 0 plugins.
Preloading 0 native plugins for Editor in 0.00 ms.
Unloading 2391 Unused Serialized files (Serialized files now loaded: 0)
System memory in use before: 121.4 MB.
System memory in use after: 119.5 MB.

Unloading 36 unused Assets to reduce memory usage. Loaded Objects now: 2952.
Total: 3.826200 ms (FindLiveObjects: 0.324600 ms CreateObjectMapping: 0.108900 ms MarkObjects: 1.982900 ms  DeleteObjects: 1.408600 ms)

========================================================================
Received Import Request.
  Time since last request: 20.270220 seconds.
  path: Assets/Scripts/Buildings/Weather_Manipulator.cs
  artifactKey: Guid(cfbce82e94599b94a9673862d0a7f930) Importer(815301076,1909f56bfc062723c751e8b465ee728b)
Start importing Assets/Scripts/Buildings/Weather_Manipulator.cs using Guid(cfbce82e94599b94a9673862d0a7f930) Importer(815301076,1909f56bfc062723c751e8b465ee728b)  -> (artifact id: '764e4e92f2647ffd4e81b312d1f3e572') in 0.006406 seconds
  Import took 0.011327 seconds .

========================================================================
Received Import Request.
  Time since last request: 260.720297 seconds.
  path: Assets/Resources/Prefabs/Hexes/Special/Hex - Void Portal.prefab
  artifactKey: Guid(0ad72f8dc18a96742888d55219ae5002) Importer(815301076,1909f56bfc062723c751e8b465ee728b)
Start importing Assets/Resources/Prefabs/Hexes/Special/Hex - Void Portal.prefab using Guid(0ad72f8dc18a96742888d55219ae5002) Importer(815301076,1909f56bfc062723c751e8b465ee728b)  -> (artifact id: '7d7003f71700de0378306b2e3180fc31') in 0.545906 seconds
  Import took 0.555227 seconds .

========================================================================
Received Import Request.
  Time since last request: 3.358982 seconds.
  path: Assets/Resources/Prefabs/Hexes/Special/Hex - Void Communicator.prefab
  artifactKey: Guid(e7b23d9428faa7c4e8ba2ea64c03931c) Importer(815301076,1909f56bfc062723c751e8b465ee728b)
Start importing Assets/Resources/Prefabs/Hexes/Special/Hex - Void Communicator.prefab using Guid(e7b23d9428faa7c4e8ba2ea64c03931c) Importer(815301076,1909f56bfc062723c751e8b465ee728b)  -> (artifact id: 'bc03d9ab3c8f79792b9cb7a303724c43') in 0.049811 seconds
  Import took 0.056029 seconds .

========================================================================
Received Import Request.
  Time since last request: 3.111392 seconds.
  path: Assets/Resources/Prefabs/Hexes/Special/Hex - Void Radar Array.prefab
  artifactKey: Guid(320b097c03e337746bf1858f58ceb87d) Importer(815301076,1909f56bfc062723c751e8b465ee728b)
Start importing Assets/Resources/Prefabs/Hexes/Special/Hex - Void Radar Array.prefab using Guid(320b097c03e337746bf1858f58ceb87d) Importer(815301076,1909f56bfc062723c751e8b465ee728b)  -> (artifact id: '24c07d7624414aed3863ac296eb3cea3') in 0.046885 seconds
  Import took 0.053927 seconds .

========================================================================
Received Import Request.
  Time since last request: 2.944114 seconds.
  path: Assets/Resources/Prefabs/Hexes/Special/Hex - Abyssal Pathfinder.prefab
  artifactKey: Guid(1b571a8a91949c44bbfee1a69a571fbc) Importer(815301076,1909f56bfc062723c751e8b465ee728b)
Start importing Assets/Resources/Prefabs/Hexes/Special/Hex - Abyssal Pathfinder.prefab using Guid(1b571a8a91949c44bbfee1a69a571fbc) Importer(815301076,1909f56bfc062723c751e8b465ee728b)  -> (artifact id: '286215320e931a56c8877566b49b59ac') in 0.040991 seconds
  Import took 0.046548 seconds .

========================================================================
Received Import Request.
  Time since last request: 5.583505 seconds.
  path: Assets/Resources/Prefabs/Hexes/Special/Hex - Void Rudder.prefab
  artifactKey: Guid(b42cd6e5d3bef9244ba944e22d02572d) Importer(815301076,1909f56bfc062723c751e8b465ee728b)
Start importing Assets/Resources/Prefabs/Hexes/Special/Hex - Void Rudder.prefab using Guid(b42cd6e5d3bef9244ba944e22d02572d) Importer(815301076,1909f56bfc062723c751e8b465ee728b)  -> (artifact id: '6e58abdc3b20bc04959f418cf62b89de') in 0.054622 seconds
  Import took 0.062040 seconds .

========================================================================
Received Import Request.
  Time since last request: 2.671611 seconds.
  path: Assets/Resources/Prefabs/Hexes/Special/Hex - Faction Embassy.prefab
  artifactKey: Guid(11a50c636bd832949a8f51668daa2060) Importer(815301076,1909f56bfc062723c751e8b465ee728b)
Start importing Assets/Resources/Prefabs/Hexes/Special/Hex - Faction Embassy.prefab using Guid(11a50c636bd832949a8f51668daa2060) Importer(815301076,1909f56bfc062723c751e8b465ee728b)  -> (artifact id: '0dd64de673d376fdf08a08ec32732386') in 0.038940 seconds
  Import took 0.046615 seconds .

========================================================================
Received Import Request.
  Time since last request: 2.830354 seconds.
  path: Assets/Resources/Prefabs/Hexes/Special/Hex - Weather Manipulator.prefab
  artifactKey: Guid(5c3ee4895b8aae846b1f53563960bd90) Importer(815301076,1909f56bfc062723c751e8b465ee728b)
Start importing Assets/Resources/Prefabs/Hexes/Special/Hex - Weather Manipulator.prefab using Guid(5c3ee4895b8aae846b1f53563960bd90) Importer(815301076,1909f56bfc062723c751e8b465ee728b)  -> (artifact id: 'c1f3de13dd18c5faaeee2db4aff3cab5') in 0.041584 seconds
  Import took 0.048658 seconds .

========================================================================
Received Import Request.
  Time since last request: 0.001639 seconds.
  path: Assets/Resources/Prefabs/Hexes/Special/Hex - Weather Manipulator.prefab
  artifactKey: Guid(5c3ee4895b8aae846b1f53563960bd90) Importer(815301076,1909f56bfc062723c751e8b465ee728b)
Start importing Assets/Resources/Prefabs/Hexes/Special/Hex - Weather Manipulator.prefab using Guid(5c3ee4895b8aae846b1f53563960bd90) Importer(815301076,1909f56bfc062723c751e8b465ee728b)  -> (artifact id: 'c1f3de13dd18c5faaeee2db4aff3cab5') in 0.046091 seconds
  Import took 0.053797 seconds .

========================================================================
Received Prepare
Registering precompiled user dll's ...
Registered in 0.001226 seconds.
Begin MonoManager ReloadAssembly
Native extension for WindowsStandalone target not found
Refreshing native plugins compatible for Editor in 0.70 ms, found 0 plugins.
Preloading 0 native plugins for Editor in 0.00 ms.
Invoked RoslynAnalysisRunner static constructor.
RoslynAnalysisRunner will not be running.
RoslynAnalysisRunner has terminated.
Mono: successfully reloaded assembly
- Completed reload, in  1.070 seconds
Platform modules already initialized, skipping
Shader 'Universal Render Pipeline/Particles/Lit': fallback shader 'Universal Render Pipeline/Particles/SimpleLit' not found
Shader 'Universal Render Pipeline/Particles/Lit': fallback shader 'Universal Render Pipeline/Particles/SimpleLit' not found
Refreshing native plugins compatible for Editor in 0.76 ms, found 0 plugins.
Preloading 0 native plugins for Editor in 0.00 ms.
Unloading 2391 Unused Serialized files (Serialized files now loaded: 0)
System memory in use before: 126.7 MB.
System memory in use after: 124.8 MB.

Unloading 36 unused Assets to reduce memory usage. Loaded Objects now: 3000.
Total: 4.479400 ms (FindLiveObjects: 0.749700 ms CreateObjectMapping: 0.231700 ms MarkObjects: 2.172600 ms  DeleteObjects: 1.323600 ms)

AssetImportWorkerClient::OnTransportError - code=2 error=End of file
