Using pre-set license
Built from '2020.2/staging' branch; Version is '2020.2.7f1 (c53830e277f1) revision 12924976'; Using compiler version '192528614'; Build Type 'Release'
OS: 'Windows 10 Home; OS build 19041.1052; Version 2004; 64bit' Language: 'en' Physical Memory: 16328 MB
BatchMode: 1, IsHumanControllingUs: 0, StartBugReporterOnCrash: 0, Is64bit: 1, IsPro: 0

 COMMAND LINE ARGUMENTS:
D:\2020.2.7f1\Editor\Unity.exe
-adb2
-batchMode
-noUpm
-name
AssetImportWorker0
-projectPath
D:/GitHub/hex-trigger/hex-trigger
-logFile
Logs/AssetImportWorker0.log
-srvPort
49300
Successfully changed project path to: D:/GitHub/hex-trigger/hex-trigger
D:/GitHub/hex-trigger/hex-trigger
Using Asset Import Pipeline V2.
Refreshing native plugins compatible for Editor in 71.48 ms, found 0 plugins.
Preloading 0 native plugins for Editor in 0.00 ms.
Initialize engine version: 2020.2.7f1 (c53830e277f1)
[Subsystems] Discovering subsystems at path D:/2020.2.7f1/Editor/Data/Resources/UnitySubsystems
[Subsystems] Discovering subsystems at path D:/GitHub/hex-trigger/hex-trigger/Assets
GfxDevice: creating device client; threaded=0
Direct3D:
    Version:  Direct3D 11.0 [level 11.1]
    Renderer: NVIDIA GeForce GTX 1080 (ID=0x1b80)
    Vendor:   
    VRAM:     8079 MB
    Driver:   27.21.14.6677
Initialize mono
Mono path[0] = 'D:/2020.2.7f1/Editor/Data/Managed'
Mono path[1] = 'D:/2020.2.7f1/Editor/Data/MonoBleedingEdge/lib/mono/unityjit'
Mono config path = 'D:/2020.2.7f1/Editor/Data/MonoBleedingEdge/etc'
Using monoOptions --debugger-agent=transport=dt_socket,embedding=1,server=y,suspend=n,address=127.0.0.1:56992
Begin MonoManager ReloadAssembly
Registering precompiled unity dll's ...
Register platform support module: D:/2020.2.7f1/Editor/Data/PlaybackEngines/WindowsStandaloneSupport/UnityEditor.WindowsStandalone.Extensions.dll
Registered in 0.001272 seconds.
Native extension for WindowsStandalone target not found
Refreshing native plugins compatible for Editor in 70.12 ms, found 0 plugins.
Preloading 0 native plugins for Editor in 0.00 ms.
Invoked RoslynAnalysisRunner static constructor.
RoslynAnalysisRunner will not be running.
RoslynAnalysisRunner has terminated.
Mono: successfully reloaded assembly
- Completed reload, in  1.642 seconds
Platform modules already initialized, skipping
Registering precompiled user dll's ...
Registered in 0.001370 seconds.
Begin MonoManager ReloadAssembly
Native extension for WindowsStandalone target not found
Refreshing native plugins compatible for Editor in 82.94 ms, found 0 plugins.
Preloading 0 native plugins for Editor in 0.00 ms.
Invoked RoslynAnalysisRunner static constructor.
RoslynAnalysisRunner will not be running.
RoslynAnalysisRunner has terminated.
Mono: successfully reloaded assembly
- Completed reload, in  1.279 seconds
Platform modules already initialized, skipping
========================================================================
Worker process is ready to serve import requests
Shader 'Universal Render Pipeline/Particles/Lit': fallback shader 'Universal Render Pipeline/Particles/SimpleLit' not found
Shader 'Universal Render Pipeline/Particles/Lit': fallback shader 'Universal Render Pipeline/Particles/SimpleLit' not found
Launched and connected shader compiler UnityShaderCompiler.exe after 0.05 seconds
Refreshing native plugins compatible for Editor in 0.70 ms, found 0 plugins.
Preloading 0 native plugins for Editor in 0.00 ms.
Unloading 2482 Unused Serialized files (Serialized files now loaded: 0)
System memory in use before: 126.0 MB.
System memory in use after: 124.1 MB.

Unloading 41 unused Assets to reduce memory usage. Loaded Objects now: 2908.
Total: 3.985300 ms (FindLiveObjects: 0.483200 ms CreateObjectMapping: 0.263900 ms MarkObjects: 2.025400 ms  DeleteObjects: 1.211500 ms)

========================================================================
Received Import Request.
  path: Assets/Scripts/Battle_Map.cs
  artifactKey: Guid(10f98cfb0be484345a7ca7fc85c99b9c) Importer(815301076,1909f56bfc062723c751e8b465ee728b)
Start importing Assets/Scripts/Battle_Map.cs using Guid(10f98cfb0be484345a7ca7fc85c99b9c) Importer(815301076,1909f56bfc062723c751e8b465ee728b)  -> (artifact id: '49670f5097ac0d191b4a7f1bdfe3f0c9') in 0.097224 seconds
  Import took 0.117538 seconds .

========================================================================
Received Prepare
Registering precompiled user dll's ...
Registered in 0.002129 seconds.
Begin MonoManager ReloadAssembly
Native extension for WindowsStandalone target not found
Refreshing native plugins compatible for Editor in 1.25 ms, found 0 plugins.
Preloading 0 native plugins for Editor in 0.00 ms.
Invoked RoslynAnalysisRunner static constructor.
RoslynAnalysisRunner will not be running.
RoslynAnalysisRunner has terminated.
Mono: successfully reloaded assembly
- Completed reload, in  1.502 seconds
Platform modules already initialized, skipping
Shader 'Universal Render Pipeline/Particles/Lit': fallback shader 'Universal Render Pipeline/Particles/SimpleLit' not found
Shader 'Universal Render Pipeline/Particles/Lit': fallback shader 'Universal Render Pipeline/Particles/SimpleLit' not found
Refreshing native plugins compatible for Editor in 1.06 ms, found 0 plugins.
Preloading 0 native plugins for Editor in 0.00 ms.
Unloading 2380 Unused Serialized files (Serialized files now loaded: 0)
System memory in use before: 120.8 MB.
System memory in use after: 118.8 MB.

Unloading 36 unused Assets to reduce memory usage. Loaded Objects now: 2911.
Total: 6.370500 ms (FindLiveObjects: 0.513400 ms CreateObjectMapping: 0.354200 ms MarkObjects: 4.084500 ms  DeleteObjects: 1.416200 ms)

========================================================================
Received Prepare
Registering precompiled user dll's ...
Registered in 0.001331 seconds.
Begin MonoManager ReloadAssembly
Native extension for WindowsStandalone target not found
Refreshing native plugins compatible for Editor in 0.76 ms, found 0 plugins.
Preloading 0 native plugins for Editor in 0.00 ms.
Invoked RoslynAnalysisRunner static constructor.
RoslynAnalysisRunner will not be running.
RoslynAnalysisRunner has terminated.
Mono: successfully reloaded assembly
- Completed reload, in  1.095 seconds
Platform modules already initialized, skipping
Shader 'Universal Render Pipeline/Particles/Lit': fallback shader 'Universal Render Pipeline/Particles/SimpleLit' not found
Shader 'Universal Render Pipeline/Particles/Lit': fallback shader 'Universal Render Pipeline/Particles/SimpleLit' not found
Refreshing native plugins compatible for Editor in 0.90 ms, found 0 plugins.
Preloading 0 native plugins for Editor in 0.00 ms.
Unloading 2380 Unused Serialized files (Serialized files now loaded: 0)
System memory in use before: 120.8 MB.
System memory in use after: 118.9 MB.

Unloading 36 unused Assets to reduce memory usage. Loaded Objects now: 2914.
Total: 63.299500 ms (FindLiveObjects: 44.628700 ms CreateObjectMapping: 0.250800 ms MarkObjects: 15.384700 ms  DeleteObjects: 3.033100 ms)

========================================================================
Received Prepare
Registering precompiled user dll's ...
Registered in 0.001311 seconds.
Begin MonoManager ReloadAssembly
Native extension for WindowsStandalone target not found
Refreshing native plugins compatible for Editor in 1.21 ms, found 0 plugins.
Preloading 0 native plugins for Editor in 0.00 ms.
Invoked RoslynAnalysisRunner static constructor.
RoslynAnalysisRunner will not be running.
RoslynAnalysisRunner has terminated.
Mono: successfully reloaded assembly
- Completed reload, in  1.991 seconds
Platform modules already initialized, skipping
Shader 'Universal Render Pipeline/Particles/Lit': fallback shader 'Universal Render Pipeline/Particles/SimpleLit' not found
Shader 'Universal Render Pipeline/Particles/Lit': fallback shader 'Universal Render Pipeline/Particles/SimpleLit' not found
Refreshing native plugins compatible for Editor in 0.66 ms, found 0 plugins.
Preloading 0 native plugins for Editor in 0.00 ms.
Unloading 2380 Unused Serialized files (Serialized files now loaded: 0)
System memory in use before: 120.8 MB.
System memory in use after: 118.9 MB.

Unloading 36 unused Assets to reduce memory usage. Loaded Objects now: 2917.
Total: 4.346500 ms (FindLiveObjects: 0.341000 ms CreateObjectMapping: 0.231400 ms MarkObjects: 2.352700 ms  DeleteObjects: 1.420300 ms)

========================================================================
Received Import Request.
  Time since last request: 7613.435731 seconds.
  path: Assets/Scripts/Camera
  artifactKey: Guid(e938b9b64698e1648ac87ed5ff9681b9) Importer(815301076,1909f56bfc062723c751e8b465ee728b)
Start importing Assets/Scripts/Camera using Guid(e938b9b64698e1648ac87ed5ff9681b9) Importer(815301076,1909f56bfc062723c751e8b465ee728b)  -> (artifact id: 'ed1e7311b771572e7a4937ebc183cabf') in 0.011784 seconds
  Import took 0.016837 seconds .

========================================================================
Received Import Request.
  Time since last request: 0.000870 seconds.
  path: Assets/Scripts/Camera
  artifactKey: Guid(e938b9b64698e1648ac87ed5ff9681b9) Importer(815301076,1909f56bfc062723c751e8b465ee728b)
Start importing Assets/Scripts/Camera using Guid(e938b9b64698e1648ac87ed5ff9681b9) Importer(815301076,1909f56bfc062723c751e8b465ee728b)  -> (artifact id: 'ed1e7311b771572e7a4937ebc183cabf') in 0.001944 seconds
  Import took 0.007203 seconds .

========================================================================
Received Import Request.
  Time since last request: 7.313589 seconds.
  path: Assets/Scripts/Buttons
  artifactKey: Guid(507d0f39522d5964784a85dc4ae085ae) Importer(815301076,1909f56bfc062723c751e8b465ee728b)
Start importing Assets/Scripts/Buttons using Guid(507d0f39522d5964784a85dc4ae085ae) Importer(815301076,1909f56bfc062723c751e8b465ee728b)  -> (artifact id: '55e526e6e2853934da21b3e84ba9ccbf') in 0.007811 seconds
  Import took 0.013539 seconds .

========================================================================
Received Import Request.
  Time since last request: 0.001533 seconds.
  path: Assets/Scripts/Buttons
  artifactKey: Guid(507d0f39522d5964784a85dc4ae085ae) Importer(815301076,1909f56bfc062723c751e8b465ee728b)
Start importing Assets/Scripts/Buttons using Guid(507d0f39522d5964784a85dc4ae085ae) Importer(815301076,1909f56bfc062723c751e8b465ee728b)  -> (artifact id: '55e526e6e2853934da21b3e84ba9ccbf') in 0.038246 seconds
  Import took 0.043567 seconds .

========================================================================
Received Import Request.
  Time since last request: 6.413662 seconds.
  path: Assets/Scripts/Hexes
  artifactKey: Guid(6210f408e855e9845a75b21883e3a93a) Importer(815301076,1909f56bfc062723c751e8b465ee728b)
Start importing Assets/Scripts/Hexes using Guid(6210f408e855e9845a75b21883e3a93a) Importer(815301076,1909f56bfc062723c751e8b465ee728b)  -> (artifact id: 'f1af357f9a4b1f36c3613251de0b23a6') in 0.008351 seconds
  Import took 0.013288 seconds .

========================================================================
Received Prepare
Registering precompiled user dll's ...
Registered in 0.001599 seconds.
Begin MonoManager ReloadAssembly
Native extension for WindowsStandalone target not found
Refreshing native plugins compatible for Editor in 0.66 ms, found 0 plugins.
Preloading 0 native plugins for Editor in 0.00 ms.
Invoked RoslynAnalysisRunner static constructor.
RoslynAnalysisRunner will not be running.
RoslynAnalysisRunner has terminated.
Mono: successfully reloaded assembly
- Completed reload, in  1.006 seconds
Platform modules already initialized, skipping
Shader 'Universal Render Pipeline/Particles/Lit': fallback shader 'Universal Render Pipeline/Particles/SimpleLit' not found
Shader 'Universal Render Pipeline/Particles/Lit': fallback shader 'Universal Render Pipeline/Particles/SimpleLit' not found
Refreshing native plugins compatible for Editor in 0.71 ms, found 0 plugins.
Preloading 0 native plugins for Editor in 0.00 ms.
Unloading 2380 Unused Serialized files (Serialized files now loaded: 0)
System memory in use before: 120.9 MB.
System memory in use after: 118.9 MB.

Unloading 36 unused Assets to reduce memory usage. Loaded Objects now: 2920.
Total: 5.143500 ms (FindLiveObjects: 0.463300 ms CreateObjectMapping: 0.270100 ms MarkObjects: 3.036300 ms  DeleteObjects: 1.371900 ms)

========================================================================
Received Import Request.
  Time since last request: 32.273775 seconds.
  path: Assets/Scripts/UI
  artifactKey: Guid(507d0f39522d5964784a85dc4ae085ae) Importer(815301076,1909f56bfc062723c751e8b465ee728b)
Start importing Assets/Scripts/UI using Guid(507d0f39522d5964784a85dc4ae085ae) Importer(815301076,1909f56bfc062723c751e8b465ee728b)  -> (artifact id: 'f9385aa944a76832460ca7d61320da3f') in 0.014024 seconds
  Import took 0.021526 seconds .

========================================================================
Received Prepare
Registering precompiled user dll's ...
Registered in 0.001471 seconds.
Begin MonoManager ReloadAssembly
Native extension for WindowsStandalone target not found
Refreshing native plugins compatible for Editor in 0.70 ms, found 0 plugins.
Preloading 0 native plugins for Editor in 0.00 ms.
Invoked RoslynAnalysisRunner static constructor.
RoslynAnalysisRunner will not be running.
RoslynAnalysisRunner has terminated.
Mono: successfully reloaded assembly
- Completed reload, in  1.033 seconds
Platform modules already initialized, skipping
Shader 'Universal Render Pipeline/Particles/Lit': fallback shader 'Universal Render Pipeline/Particles/SimpleLit' not found
Shader 'Universal Render Pipeline/Particles/Lit': fallback shader 'Universal Render Pipeline/Particles/SimpleLit' not found
Refreshing native plugins compatible for Editor in 0.85 ms, found 0 plugins.
Preloading 0 native plugins for Editor in 0.00 ms.
Unloading 2380 Unused Serialized files (Serialized files now loaded: 0)
System memory in use before: 120.8 MB.
System memory in use after: 118.9 MB.

Unloading 36 unused Assets to reduce memory usage. Loaded Objects now: 2923.
Total: 5.143000 ms (FindLiveObjects: 0.398100 ms CreateObjectMapping: 0.121600 ms MarkObjects: 2.453600 ms  DeleteObjects: 2.168200 ms)

========================================================================
Received Prepare
Registering precompiled user dll's ...
Registered in 0.001472 seconds.
Begin MonoManager ReloadAssembly
Native extension for WindowsStandalone target not found
Refreshing native plugins compatible for Editor in 0.75 ms, found 0 plugins.
Preloading 0 native plugins for Editor in 0.00 ms.
Invoked RoslynAnalysisRunner static constructor.
RoslynAnalysisRunner will not be running.
RoslynAnalysisRunner has terminated.
Mono: successfully reloaded assembly
- Completed reload, in  1.067 seconds
Platform modules already initialized, skipping
Shader 'Universal Render Pipeline/Particles/Lit': fallback shader 'Universal Render Pipeline/Particles/SimpleLit' not found
Shader 'Universal Render Pipeline/Particles/Lit': fallback shader 'Universal Render Pipeline/Particles/SimpleLit' not found
Refreshing native plugins compatible for Editor in 0.77 ms, found 0 plugins.
Preloading 0 native plugins for Editor in 0.00 ms.
Unloading 2380 Unused Serialized files (Serialized files now loaded: 0)
System memory in use before: 120.9 MB.
System memory in use after: 119.0 MB.

Unloading 36 unused Assets to reduce memory usage. Loaded Objects now: 2926.
Total: 4.639700 ms (FindLiveObjects: 0.396500 ms CreateObjectMapping: 0.237900 ms MarkObjects: 2.554800 ms  DeleteObjects: 1.448700 ms)

========================================================================
Received Import Request.
  Time since last request: 37.620978 seconds.
  path: Assets/Scripts/Battle Map
  artifactKey: Guid(b5ed63ecb1ea45b448b7f751eed7678e) Importer(815301076,1909f56bfc062723c751e8b465ee728b)
Start importing Assets/Scripts/Battle Map using Guid(b5ed63ecb1ea45b448b7f751eed7678e) Importer(815301076,1909f56bfc062723c751e8b465ee728b)  -> (artifact id: '7d2fb95159e22a7093a6eceb38020cec') in 0.011488 seconds
  Import took 0.017408 seconds .

========================================================================
Received Prepare
Registering precompiled user dll's ...
Registered in 0.001298 seconds.
Begin MonoManager ReloadAssembly
Native extension for WindowsStandalone target not found
Refreshing native plugins compatible for Editor in 0.64 ms, found 0 plugins.
Preloading 0 native plugins for Editor in 0.00 ms.
Invoked RoslynAnalysisRunner static constructor.
RoslynAnalysisRunner will not be running.
RoslynAnalysisRunner has terminated.
Mono: successfully reloaded assembly
- Completed reload, in  1.007 seconds
Platform modules already initialized, skipping
Shader 'Universal Render Pipeline/Particles/Lit': fallback shader 'Universal Render Pipeline/Particles/SimpleLit' not found
Shader 'Universal Render Pipeline/Particles/Lit': fallback shader 'Universal Render Pipeline/Particles/SimpleLit' not found
Refreshing native plugins compatible for Editor in 1.11 ms, found 0 plugins.
Preloading 0 native plugins for Editor in 0.00 ms.
Unloading 2380 Unused Serialized files (Serialized files now loaded: 0)
System memory in use before: 120.9 MB.
System memory in use after: 119.0 MB.

Unloading 36 unused Assets to reduce memory usage. Loaded Objects now: 2929.
Total: 6.047100 ms (FindLiveObjects: 0.535800 ms CreateObjectMapping: 0.261500 ms MarkObjects: 3.220400 ms  DeleteObjects: 2.027800 ms)

========================================================================
Received Import Request.
  Time since last request: 132.501383 seconds.
  path: Assets/Scripts/New Folder
  artifactKey: Guid(ff42cbb8329126745b032fe5bc466761) Importer(815301076,1909f56bfc062723c751e8b465ee728b)
Start importing Assets/Scripts/New Folder using Guid(ff42cbb8329126745b032fe5bc466761) Importer(815301076,1909f56bfc062723c751e8b465ee728b)  -> (artifact id: '79f80c1bdd99db06a25030caea9d9129') in 0.012168 seconds
  Import took 0.018185 seconds .

========================================================================
Received Import Request.
  Time since last request: 12.022146 seconds.
  path: Assets/Scripts/Battle Map/Intersection.cs
  artifactKey: Guid(3f84971d877a21d499c3d40c4db0a4ef) Importer(815301076,1909f56bfc062723c751e8b465ee728b)
Start importing Assets/Scripts/Battle Map/Intersection.cs using Guid(3f84971d877a21d499c3d40c4db0a4ef) Importer(815301076,1909f56bfc062723c751e8b465ee728b)  -> (artifact id: 'ab8a03ae3b8b72117b04bf6f02d2f46b') in 0.007114 seconds
  Import took 0.012133 seconds .

========================================================================
Received Prepare
Registering precompiled user dll's ...
Registered in 0.001261 seconds.
Begin MonoManager ReloadAssembly
Native extension for WindowsStandalone target not found
Refreshing native plugins compatible for Editor in 1.12 ms, found 0 plugins.
Preloading 0 native plugins for Editor in 0.00 ms.
Invoked RoslynAnalysisRunner static constructor.
RoslynAnalysisRunner will not be running.
RoslynAnalysisRunner has terminated.
Mono: successfully reloaded assembly
- Completed reload, in  1.278 seconds
Platform modules already initialized, skipping
Shader 'Universal Render Pipeline/Particles/Lit': fallback shader 'Universal Render Pipeline/Particles/SimpleLit' not found
Shader 'Universal Render Pipeline/Particles/Lit': fallback shader 'Universal Render Pipeline/Particles/SimpleLit' not found
Refreshing native plugins compatible for Editor in 0.63 ms, found 0 plugins.
Preloading 0 native plugins for Editor in 0.00 ms.
Unloading 2381 Unused Serialized files (Serialized files now loaded: 0)
System memory in use before: 120.9 MB.
System memory in use after: 119.0 MB.

Unloading 36 unused Assets to reduce memory usage. Loaded Objects now: 2933.
Total: 4.374800 ms (FindLiveObjects: 0.372800 ms CreateObjectMapping: 0.307100 ms MarkObjects: 2.264200 ms  DeleteObjects: 1.429100 ms)

========================================================================
Received Import Request.
  Time since last request: 10.617061 seconds.
  path: Assets/Scripts/Battle Map/Connection.cs
  artifactKey: Guid(5c784ab70d1100646bdcd94795d94f53) Importer(815301076,1909f56bfc062723c751e8b465ee728b)
Start importing Assets/Scripts/Battle Map/Connection.cs using Guid(5c784ab70d1100646bdcd94795d94f53) Importer(815301076,1909f56bfc062723c751e8b465ee728b)  -> (artifact id: 'b645d51d9530125a44198c471d3e3b24') in 0.014336 seconds
  Import took 0.020547 seconds .

========================================================================
Received Prepare
Registering precompiled user dll's ...
Registered in 0.001274 seconds.
Begin MonoManager ReloadAssembly
Native extension for WindowsStandalone target not found
Refreshing native plugins compatible for Editor in 0.74 ms, found 0 plugins.
Preloading 0 native plugins for Editor in 0.00 ms.
Invoked RoslynAnalysisRunner static constructor.
RoslynAnalysisRunner will not be running.
RoslynAnalysisRunner has terminated.
Mono: successfully reloaded assembly
- Completed reload, in  0.968 seconds
Platform modules already initialized, skipping
Shader 'Universal Render Pipeline/Particles/Lit': fallback shader 'Universal Render Pipeline/Particles/SimpleLit' not found
Shader 'Universal Render Pipeline/Particles/Lit': fallback shader 'Universal Render Pipeline/Particles/SimpleLit' not found
Refreshing native plugins compatible for Editor in 0.64 ms, found 0 plugins.
Preloading 0 native plugins for Editor in 0.00 ms.
Unloading 2382 Unused Serialized files (Serialized files now loaded: 0)
System memory in use before: 120.9 MB.
System memory in use after: 119.0 MB.

Unloading 36 unused Assets to reduce memory usage. Loaded Objects now: 2937.
Total: 4.335900 ms (FindLiveObjects: 0.495200 ms CreateObjectMapping: 0.261500 ms MarkObjects: 2.045600 ms  DeleteObjects: 1.531700 ms)

========================================================================
Received Import Request.
  Time since last request: 8.631940 seconds.
  path: Assets/Scripts/Battle Map/Point.cs
  artifactKey: Guid(5bcf166bcf5b80c4c9d9c538fcabb7f2) Importer(815301076,1909f56bfc062723c751e8b465ee728b)
Start importing Assets/Scripts/Battle Map/Point.cs using Guid(5bcf166bcf5b80c4c9d9c538fcabb7f2) Importer(815301076,1909f56bfc062723c751e8b465ee728b)  -> (artifact id: '28de5ca0bbaee550814c9bbbadf95d9e') in 0.016537 seconds
  Import took 0.023677 seconds .

========================================================================
Received Prepare
Registering precompiled user dll's ...
Registered in 0.001366 seconds.
Begin MonoManager ReloadAssembly
Native extension for WindowsStandalone target not found
Refreshing native plugins compatible for Editor in 0.83 ms, found 0 plugins.
Preloading 0 native plugins for Editor in 0.00 ms.
Invoked RoslynAnalysisRunner static constructor.
RoslynAnalysisRunner will not be running.
RoslynAnalysisRunner has terminated.
Mono: successfully reloaded assembly
- Completed reload, in  1.233 seconds
Platform modules already initialized, skipping
Shader 'Universal Render Pipeline/Particles/Lit': fallback shader 'Universal Render Pipeline/Particles/SimpleLit' not found
Shader 'Universal Render Pipeline/Particles/Lit': fallback shader 'Universal Render Pipeline/Particles/SimpleLit' not found
Refreshing native plugins compatible for Editor in 4.51 ms, found 0 plugins.
Preloading 0 native plugins for Editor in 0.00 ms.
Unloading 2383 Unused Serialized files (Serialized files now loaded: 0)
System memory in use before: 120.9 MB.
System memory in use after: 119.0 MB.

Unloading 36 unused Assets to reduce memory usage. Loaded Objects now: 2941.
Total: 12.351800 ms (FindLiveObjects: 0.862500 ms CreateObjectMapping: 0.397000 ms MarkObjects: 6.896700 ms  DeleteObjects: 4.192100 ms)

AssetImportWorkerClient::OnTransportError - code=2 error=End of file
